{"C:\\Users\\ADMIN\\Desktop\\Universidad\\Sexto Semestre\\Ingesoft2\\Primera Entrega Proyecto\\Backend\\server.js": {"path":"C:\\Users\\ADMIN\\Desktop\\Universidad\\Sexto Semestre\\Ingesoft2\\Primera Entrega Proyecto\\Backend\\server.js","statementMap":{"0":{"start":{"line":1,"column":16},"end":{"line":1,"column":34}},"1":{"start":{"line":2,"column":13},"end":{"line":2,"column":28}},"2":{"start":{"line":3,"column":15},"end":{"line":3,"column":32}},"3":{"start":{"line":4,"column":11},"end":{"line":4,"column":33}},"4":{"start":{"line":6,"column":0},"end":{"line":6,"column":16}},"5":{"start":{"line":8,"column":12},"end":{"line":8,"column":21}},"6":{"start":{"line":10,"column":0},"end":{"line":10,"column":28}},"7":{"start":{"line":12,"column":13},"end":{"line":12,"column":37}},"8":{"start":{"line":14,"column":20},"end":{"line":29,"column":1}},"9":{"start":{"line":16,"column":31},"end":{"line":19,"column":9}},"10":{"start":{"line":21,"column":8},"end":{"line":23,"column":9}},"11":{"start":{"line":22,"column":12},"end":{"line":22,"column":40}},"12":{"start":{"line":25,"column":8},"end":{"line":25,"column":67}},"13":{"start":{"line":32,"column":0},"end":{"line":32,"column":27}},"14":{"start":{"line":33,"column":0},"end":{"line":33,"column":24}},"15":{"start":{"line":38,"column":0},"end":{"line":46,"column":3}},"16":{"start":{"line":39,"column":4},"end":{"line":45,"column":5}},"17":{"start":{"line":40,"column":25},"end":{"line":40,"column":51}},"18":{"start":{"line":41,"column":8},"end":{"line":41,"column":27}},"19":{"start":{"line":43,"column":8},"end":{"line":43,"column":29}},"20":{"start":{"line":44,"column":8},"end":{"line":44,"column":55}},"21":{"start":{"line":49,"column":0},"end":{"line":59,"column":3}},"22":{"start":{"line":50,"column":4},"end":{"line":58,"column":5}},"23":{"start":{"line":51,"column":24},"end":{"line":51,"column":64}},"24":{"start":{"line":52,"column":8},"end":{"line":54,"column":9}},"25":{"start":{"line":53,"column":12},"end":{"line":53,"column":76}},"26":{"start":{"line":55,"column":8},"end":{"line":55,"column":26}},"27":{"start":{"line":57,"column":8},"end":{"line":57,"column":55}},"28":{"start":{"line":62,"column":0},"end":{"line":74,"column":3}},"29":{"start":{"line":63,"column":4},"end":{"line":73,"column":5}},"30":{"start":{"line":64,"column":24},"end":{"line":66,"column":10}},"31":{"start":{"line":67,"column":8},"end":{"line":69,"column":9}},"32":{"start":{"line":68,"column":12},"end":{"line":68,"column":76}},"33":{"start":{"line":70,"column":8},"end":{"line":70,"column":26}},"34":{"start":{"line":72,"column":8},"end":{"line":72,"column":55}},"35":{"start":{"line":77,"column":0},"end":{"line":110,"column":3}},"36":{"start":{"line":78,"column":4},"end":{"line":109,"column":5}},"37":{"start":{"line":79,"column":44},"end":{"line":79,"column":52}},"38":{"start":{"line":81,"column":8},"end":{"line":83,"column":9}},"39":{"start":{"line":82,"column":12},"end":{"line":82,"column":88}},"40":{"start":{"line":85,"column":33},"end":{"line":87,"column":10}},"41":{"start":{"line":89,"column":8},"end":{"line":91,"column":9}},"42":{"start":{"line":90,"column":12},"end":{"line":90,"column":83}},"43":{"start":{"line":93,"column":29},"end":{"line":97,"column":10}},"44":{"start":{"line":99,"column":55},"end":{"line":99,"column":76}},"45":{"start":{"line":101,"column":8},"end":{"line":104,"column":11}},"46":{"start":{"line":107,"column":8},"end":{"line":107,"column":51}},"47":{"start":{"line":108,"column":8},"end":{"line":108,"column":55}},"48":{"start":{"line":112,"column":0},"end":{"line":136,"column":3}},"49":{"start":{"line":113,"column":4},"end":{"line":135,"column":5}},"50":{"start":{"line":114,"column":36},"end":{"line":114,"column":44}},"51":{"start":{"line":116,"column":24},"end":{"line":118,"column":10}},"52":{"start":{"line":120,"column":8},"end":{"line":122,"column":9}},"53":{"start":{"line":121,"column":12},"end":{"line":121,"column":77}},"54":{"start":{"line":125,"column":8},"end":{"line":127,"column":9}},"55":{"start":{"line":126,"column":12},"end":{"line":126,"column":77}},"56":{"start":{"line":130,"column":55},"end":{"line":130,"column":71}},"57":{"start":{"line":131,"column":8},"end":{"line":131,"column":37}},"58":{"start":{"line":133,"column":8},"end":{"line":133,"column":29}},"59":{"start":{"line":134,"column":8},"end":{"line":134,"column":55}},"60":{"start":{"line":139,"column":0},"end":{"line":150,"column":3}},"61":{"start":{"line":140,"column":4},"end":{"line":149,"column":5}},"62":{"start":{"line":141,"column":24},"end":{"line":141,"column":64}},"63":{"start":{"line":142,"column":8},"end":{"line":144,"column":9}},"64":{"start":{"line":143,"column":12},"end":{"line":143,"column":76}},"65":{"start":{"line":145,"column":8},"end":{"line":145,"column":39}},"66":{"start":{"line":146,"column":8},"end":{"line":146,"column":26}},"67":{"start":{"line":148,"column":8},"end":{"line":148,"column":55}},"68":{"start":{"line":153,"column":0},"end":{"line":164,"column":3}},"69":{"start":{"line":154,"column":4},"end":{"line":163,"column":5}},"70":{"start":{"line":155,"column":24},"end":{"line":155,"column":64}},"71":{"start":{"line":156,"column":8},"end":{"line":158,"column":9}},"72":{"start":{"line":157,"column":12},"end":{"line":157,"column":76}},"73":{"start":{"line":159,"column":8},"end":{"line":159,"column":32}},"74":{"start":{"line":160,"column":8},"end":{"line":160,"column":65}},"75":{"start":{"line":162,"column":8},"end":{"line":162,"column":55}},"76":{"start":{"line":169,"column":0},"end":{"line":177,"column":3}},"77":{"start":{"line":170,"column":4},"end":{"line":176,"column":5}},"78":{"start":{"line":171,"column":26},"end":{"line":171,"column":53}},"79":{"start":{"line":172,"column":8},"end":{"line":172,"column":28}},"80":{"start":{"line":174,"column":8},"end":{"line":174,"column":60}},"81":{"start":{"line":175,"column":8},"end":{"line":175,"column":55}},"82":{"start":{"line":181,"column":0},"end":{"line":194,"column":3}},"83":{"start":{"line":182,"column":4},"end":{"line":193,"column":5}},"84":{"start":{"line":183,"column":25},"end":{"line":183,"column":66}},"85":{"start":{"line":185,"column":8},"end":{"line":187,"column":9}},"86":{"start":{"line":186,"column":12},"end":{"line":186,"column":77}},"87":{"start":{"line":189,"column":8},"end":{"line":189,"column":27}},"88":{"start":{"line":191,"column":8},"end":{"line":191,"column":59}},"89":{"start":{"line":192,"column":8},"end":{"line":192,"column":55}},"90":{"start":{"line":198,"column":0},"end":{"line":225,"column":3}},"91":{"start":{"line":199,"column":4},"end":{"line":224,"column":5}},"92":{"start":{"line":200,"column":73},"end":{"line":200,"column":81}},"93":{"start":{"line":202,"column":8},"end":{"line":206,"column":9}},"94":{"start":{"line":203,"column":12},"end":{"line":205,"column":15}},"95":{"start":{"line":208,"column":30},"end":{"line":214,"column":10}},"96":{"start":{"line":216,"column":8},"end":{"line":219,"column":11}},"97":{"start":{"line":222,"column":8},"end":{"line":222,"column":57}},"98":{"start":{"line":223,"column":8},"end":{"line":223,"column":55}},"99":{"start":{"line":229,"column":0},"end":{"line":256,"column":3}},"100":{"start":{"line":230,"column":4},"end":{"line":255,"column":5}},"101":{"start":{"line":231,"column":25},"end":{"line":231,"column":66}},"102":{"start":{"line":233,"column":8},"end":{"line":235,"column":9}},"103":{"start":{"line":234,"column":12},"end":{"line":234,"column":77}},"104":{"start":{"line":237,"column":73},"end":{"line":237,"column":81}},"105":{"start":{"line":239,"column":8},"end":{"line":245,"column":11}},"106":{"start":{"line":247,"column":8},"end":{"line":250,"column":11}},"107":{"start":{"line":253,"column":8},"end":{"line":253,"column":62}},"108":{"start":{"line":254,"column":8},"end":{"line":254,"column":55}},"109":{"start":{"line":260,"column":0},"end":{"line":278,"column":3}},"110":{"start":{"line":261,"column":4},"end":{"line":277,"column":5}},"111":{"start":{"line":262,"column":25},"end":{"line":262,"column":66}},"112":{"start":{"line":264,"column":8},"end":{"line":266,"column":9}},"113":{"start":{"line":265,"column":12},"end":{"line":265,"column":77}},"114":{"start":{"line":268,"column":8},"end":{"line":268,"column":33}},"115":{"start":{"line":270,"column":8},"end":{"line":272,"column":11}},"116":{"start":{"line":275,"column":8},"end":{"line":275,"column":60}},"117":{"start":{"line":276,"column":8},"end":{"line":276,"column":55}},"118":{"start":{"line":282,"column":31},"end":{"line":300,"column":1}},"119":{"start":{"line":283,"column":18},"end":{"line":285,"column":6}},"120":{"start":{"line":287,"column":18},"end":{"line":289,"column":9}},"121":{"start":{"line":288,"column":8},"end":{"line":288,"column":41}},"122":{"start":{"line":291,"column":20},"end":{"line":291,"column":56}},"123":{"start":{"line":293,"column":4},"end":{"line":297,"column":5}},"124":{"start":{"line":294,"column":8},"end":{"line":296,"column":11}},"125":{"start":{"line":299,"column":4},"end":{"line":299,"column":17}},"126":{"start":{"line":304,"column":0},"end":{"line":341,"column":3}},"127":{"start":{"line":305,"column":4},"end":{"line":340,"column":5}},"128":{"start":{"line":306,"column":30},"end":{"line":306,"column":40}},"129":{"start":{"line":308,"column":24},"end":{"line":323,"column":10}},"130":{"start":{"line":325,"column":8},"end":{"line":333,"column":9}},"131":{"start":{"line":326,"column":12},"end":{"line":332,"column":15}},"132":{"start":{"line":335,"column":8},"end":{"line":335,"column":26}},"133":{"start":{"line":338,"column":8},"end":{"line":338,"column":58}},"134":{"start":{"line":339,"column":8},"end":{"line":339,"column":55}},"135":{"start":{"line":345,"column":0},"end":{"line":415,"column":3}},"136":{"start":{"line":346,"column":4},"end":{"line":414,"column":5}},"137":{"start":{"line":347,"column":42},"end":{"line":347,"column":50}},"138":{"start":{"line":349,"column":8},"end":{"line":353,"column":9}},"139":{"start":{"line":350,"column":12},"end":{"line":352,"column":15}},"140":{"start":{"line":355,"column":25},"end":{"line":355,"column":63}},"141":{"start":{"line":357,"column":8},"end":{"line":361,"column":9}},"142":{"start":{"line":358,"column":12},"end":{"line":360,"column":15}},"143":{"start":{"line":363,"column":22},"end":{"line":368,"column":10}},"144":{"start":{"line":370,"column":8},"end":{"line":376,"column":9}},"145":{"start":{"line":371,"column":12},"end":{"line":375,"column":15}},"146":{"start":{"line":378,"column":19},"end":{"line":383,"column":10}},"147":{"start":{"line":385,"column":31},"end":{"line":385,"column":54}},"148":{"start":{"line":387,"column":8},"end":{"line":402,"column":9}},"149":{"start":{"line":388,"column":34},"end":{"line":388,"column":51}},"150":{"start":{"line":390,"column":12},"end":{"line":393,"column":15}},"151":{"start":{"line":395,"column":12},"end":{"line":401,"column":15}},"152":{"start":{"line":404,"column":8},"end":{"line":404,"column":49}},"153":{"start":{"line":406,"column":8},"end":{"line":409,"column":11}},"154":{"start":{"line":412,"column":8},"end":{"line":412,"column":61}},"155":{"start":{"line":413,"column":8},"end":{"line":413,"column":55}},"156":{"start":{"line":419,"column":0},"end":{"line":461,"column":3}},"157":{"start":{"line":420,"column":4},"end":{"line":460,"column":5}},"158":{"start":{"line":421,"column":27},"end":{"line":421,"column":37}},"159":{"start":{"line":422,"column":29},"end":{"line":422,"column":37}},"160":{"start":{"line":424,"column":21},"end":{"line":424,"column":58}},"161":{"start":{"line":426,"column":8},"end":{"line":430,"column":9}},"162":{"start":{"line":427,"column":12},"end":{"line":429,"column":15}},"163":{"start":{"line":432,"column":8},"end":{"line":441,"column":9}},"164":{"start":{"line":433,"column":30},"end":{"line":433,"column":44}},"165":{"start":{"line":435,"column":12},"end":{"line":435,"column":33}},"166":{"start":{"line":436,"column":12},"end":{"line":436,"column":52}},"167":{"start":{"line":438,"column":12},"end":{"line":440,"column":15}},"168":{"start":{"line":443,"column":27},"end":{"line":443,"column":65}},"169":{"start":{"line":445,"column":8},"end":{"line":448,"column":11}},"170":{"start":{"line":450,"column":8},"end":{"line":450,"column":53}},"171":{"start":{"line":452,"column":8},"end":{"line":455,"column":11}},"172":{"start":{"line":458,"column":8},"end":{"line":458,"column":58}},"173":{"start":{"line":459,"column":8},"end":{"line":459,"column":55}},"174":{"start":{"line":465,"column":0},"end":{"line":490,"column":3}},"175":{"start":{"line":466,"column":4},"end":{"line":489,"column":5}},"176":{"start":{"line":467,"column":27},"end":{"line":467,"column":37}},"177":{"start":{"line":469,"column":21},"end":{"line":469,"column":58}},"178":{"start":{"line":471,"column":8},"end":{"line":475,"column":9}},"179":{"start":{"line":472,"column":12},"end":{"line":474,"column":15}},"180":{"start":{"line":477,"column":26},"end":{"line":477,"column":40}},"181":{"start":{"line":479,"column":8},"end":{"line":479,"column":29}},"182":{"start":{"line":480,"column":8},"end":{"line":480,"column":48}},"183":{"start":{"line":482,"column":8},"end":{"line":484,"column":11}},"184":{"start":{"line":487,"column":8},"end":{"line":487,"column":56}},"185":{"start":{"line":488,"column":8},"end":{"line":488,"column":55}},"186":{"start":{"line":494,"column":0},"end":{"line":529,"column":3}},"187":{"start":{"line":495,"column":4},"end":{"line":528,"column":5}},"188":{"start":{"line":496,"column":30},"end":{"line":496,"column":40}},"189":{"start":{"line":498,"column":24},"end":{"line":503,"column":10}},"190":{"start":{"line":505,"column":8},"end":{"line":509,"column":9}},"191":{"start":{"line":506,"column":12},"end":{"line":508,"column":15}},"192":{"start":{"line":511,"column":8},"end":{"line":515,"column":11}},"193":{"start":{"line":517,"column":8},"end":{"line":519,"column":11}},"194":{"start":{"line":521,"column":8},"end":{"line":523,"column":11}},"195":{"start":{"line":526,"column":8},"end":{"line":526,"column":57}},"196":{"start":{"line":527,"column":8},"end":{"line":527,"column":55}},"197":{"start":{"line":533,"column":20},"end":{"line":559,"column":1}},"198":{"start":{"line":534,"column":25},"end":{"line":534,"column":57}},"199":{"start":{"line":536,"column":4},"end":{"line":538,"column":5}},"200":{"start":{"line":537,"column":8},"end":{"line":537,"column":21}},"201":{"start":{"line":540,"column":15},"end":{"line":540,"column":16}},"202":{"start":{"line":541,"column":19},"end":{"line":541,"column":24}},"203":{"start":{"line":543,"column":4},"end":{"line":556,"column":5}},"204":{"start":{"line":543,"column":17},"end":{"line":543,"column":40}},"205":{"start":{"line":544,"column":21},"end":{"line":544,"column":50}},"206":{"start":{"line":546,"column":8},"end":{"line":552,"column":9}},"207":{"start":{"line":547,"column":12},"end":{"line":547,"column":32}},"208":{"start":{"line":549,"column":12},"end":{"line":551,"column":13}},"209":{"start":{"line":550,"column":16},"end":{"line":550,"column":36}},"210":{"start":{"line":554,"column":8},"end":{"line":554,"column":29}},"211":{"start":{"line":555,"column":8},"end":{"line":555,"column":29}},"212":{"start":{"line":558,"column":4},"end":{"line":558,"column":27}},"213":{"start":{"line":561,"column":31},"end":{"line":585,"column":1}},"214":{"start":{"line":562,"column":26},"end":{"line":562,"column":64}},"215":{"start":{"line":564,"column":4},"end":{"line":566,"column":5}},"216":{"start":{"line":565,"column":8},"end":{"line":565,"column":21}},"217":{"start":{"line":568,"column":34},"end":{"line":568,"column":50}},"218":{"start":{"line":569,"column":16},"end":{"line":569,"column":38}},"219":{"start":{"line":570,"column":17},"end":{"line":570,"column":47}},"220":{"start":{"line":572,"column":24},"end":{"line":572,"column":34}},"221":{"start":{"line":573,"column":22},"end":{"line":573,"column":48}},"222":{"start":{"line":574,"column":23},"end":{"line":574,"column":48}},"223":{"start":{"line":576,"column":4},"end":{"line":578,"column":5}},"224":{"start":{"line":577,"column":8},"end":{"line":577,"column":21}},"225":{"start":{"line":580,"column":4},"end":{"line":582,"column":5}},"226":{"start":{"line":581,"column":8},"end":{"line":581,"column":21}},"227":{"start":{"line":584,"column":4},"end":{"line":584,"column":16}},"228":{"start":{"line":589,"column":8},"end":{"line":589,"column":23}},"229":{"start":{"line":590,"column":8},"end":{"line":590,"column":29}},"230":{"start":{"line":594,"column":25},"end":{"line":596,"column":1}},"231":{"start":{"line":595,"column":4},"end":{"line":595,"column":63}},"232":{"start":{"line":598,"column":24},"end":{"line":600,"column":1}},"233":{"start":{"line":599,"column":4},"end":{"line":599,"column":41}},"234":{"start":{"line":602,"column":37},"end":{"line":606,"column":1}},"235":{"start":{"line":603,"column":4},"end":{"line":605,"column":5}},"236":{"start":{"line":604,"column":8},"end":{"line":604,"column":80}},"237":{"start":{"line":608,"column":37},"end":{"line":626,"column":1}},"238":{"start":{"line":609,"column":4},"end":{"line":625,"column":7}},"239":{"start":{"line":628,"column":31},"end":{"line":644,"column":1}},"240":{"start":{"line":629,"column":4},"end":{"line":631,"column":5}},"241":{"start":{"line":630,"column":8},"end":{"line":630,"column":72}},"242":{"start":{"line":633,"column":4},"end":{"line":635,"column":5}},"243":{"start":{"line":634,"column":8},"end":{"line":634,"column":54}},"244":{"start":{"line":637,"column":18},"end":{"line":637,"column":39}},"245":{"start":{"line":639,"column":4},"end":{"line":641,"column":5}},"246":{"start":{"line":640,"column":8},"end":{"line":640,"column":66}},"247":{"start":{"line":643,"column":4},"end":{"line":643,"column":17}},"248":{"start":{"line":646,"column":37},"end":{"line":649,"column":1}},"249":{"start":{"line":647,"column":25},"end":{"line":647,"column":57}},"250":{"start":{"line":648,"column":4},"end":{"line":648,"column":34}},"251":{"start":{"line":651,"column":32},"end":{"line":669,"column":1}},"252":{"start":{"line":652,"column":4},"end":{"line":654,"column":5}},"253":{"start":{"line":653,"column":8},"end":{"line":653,"column":73}},"254":{"start":{"line":656,"column":4},"end":{"line":658,"column":5}},"255":{"start":{"line":657,"column":8},"end":{"line":657,"column":86}},"256":{"start":{"line":660,"column":4},"end":{"line":662,"column":5}},"257":{"start":{"line":661,"column":8},"end":{"line":661,"column":94}},"258":{"start":{"line":664,"column":4},"end":{"line":666,"column":5}},"259":{"start":{"line":665,"column":8},"end":{"line":665,"column":45}},"260":{"start":{"line":668,"column":4},"end":{"line":668,"column":55}},"261":{"start":{"line":671,"column":34},"end":{"line":681,"column":1}},"262":{"start":{"line":672,"column":4},"end":{"line":674,"column":5}},"263":{"start":{"line":673,"column":8},"end":{"line":673,"column":21}},"264":{"start":{"line":676,"column":4},"end":{"line":680,"column":7}},"265":{"start":{"line":683,"column":34},"end":{"line":696,"column":1}},"266":{"start":{"line":684,"column":21},"end":{"line":684,"column":34}},"267":{"start":{"line":686,"column":4},"end":{"line":688,"column":5}},"268":{"start":{"line":687,"column":8},"end":{"line":687,"column":75}},"269":{"start":{"line":690,"column":4},"end":{"line":695,"column":5}},"270":{"start":{"line":691,"column":8},"end":{"line":694,"column":10}},"271":{"start":{"line":698,"column":28},"end":{"line":702,"column":1}},"272":{"start":{"line":699,"column":4},"end":{"line":701,"column":7}},"273":{"start":{"line":700,"column":8},"end":{"line":700,"column":40}},"274":{"start":{"line":704,"column":30},"end":{"line":717,"column":1}},"275":{"start":{"line":705,"column":4},"end":{"line":716,"column":5}},"276":{"start":{"line":706,"column":25},"end":{"line":706,"column":38}},"277":{"start":{"line":707,"column":27},"end":{"line":707,"column":67}},"278":{"start":{"line":709,"column":8},"end":{"line":715,"column":10}},"279":{"start":{"line":719,"column":22},"end":{"line":739,"column":1}},"280":{"start":{"line":727,"column":4},"end":{"line":738,"column":6}},"281":{"start":{"line":741,"column":32},"end":{"line":748,"column":1}},"282":{"start":{"line":742,"column":4},"end":{"line":747,"column":6}},"283":{"start":{"line":751,"column":4},"end":{"line":805,"column":7}},"284":{"start":{"line":752,"column":28},"end":{"line":752,"column":60}},"285":{"start":{"line":754,"column":8},"end":{"line":804,"column":9}},"286":{"start":{"line":761,"column":16},"end":{"line":761,"column":24}},"287":{"start":{"line":763,"column":12},"end":{"line":763,"column":51}},"288":{"start":{"line":765,"column":28},"end":{"line":765,"column":86}},"289":{"start":{"line":766,"column":26},"end":{"line":766,"column":57}},"290":{"start":{"line":768,"column":35},"end":{"line":773,"column":14}},"291":{"start":{"line":775,"column":12},"end":{"line":775,"column":54}},"292":{"start":{"line":777,"column":12},"end":{"line":777,"column":75}},"293":{"start":{"line":779,"column":25},"end":{"line":786,"column":14}},"294":{"start":{"line":788,"column":12},"end":{"line":788,"column":64}},"295":{"start":{"line":790,"column":12},"end":{"line":790,"column":39}},"296":{"start":{"line":792,"column":12},"end":{"line":795,"column":15}},"297":{"start":{"line":797,"column":12},"end":{"line":797,"column":41}},"298":{"start":{"line":799,"column":12},"end":{"line":799,"column":60}},"299":{"start":{"line":801,"column":12},"end":{"line":803,"column":15}},"300":{"start":{"line":809,"column":0},"end":{"line":826,"column":3}},"301":{"start":{"line":810,"column":4},"end":{"line":825,"column":5}},"302":{"start":{"line":811,"column":30},"end":{"line":811,"column":40}},"303":{"start":{"line":813,"column":22},"end":{"line":818,"column":10}},"304":{"start":{"line":820,"column":8},"end":{"line":820,"column":24}},"305":{"start":{"line":823,"column":8},"end":{"line":823,"column":56}},"306":{"start":{"line":824,"column":8},"end":{"line":824,"column":55}},"307":{"start":{"line":830,"column":0},"end":{"line":832,"column":3}},"308":{"start":{"line":831,"column":4},"end":{"line":831,"column":77}},"309":{"start":{"line":849,"column":0},"end":{"line":849,"column":21}}},"fnMap":{"0":{"name":"(anonymous_0)","decl":{"start":{"line":15,"column":12},"end":{"line":15,"column":13}},"loc":{"start":{"line":15,"column":34},"end":{"line":26,"column":5}},"line":15},"1":{"name":"(anonymous_1)","decl":{"start":{"line":38,"column":25},"end":{"line":38,"column":26}},"loc":{"start":{"line":38,"column":45},"end":{"line":46,"column":1}},"line":38},"2":{"name":"(anonymous_2)","decl":{"start":{"line":49,"column":29},"end":{"line":49,"column":30}},"loc":{"start":{"line":49,"column":49},"end":{"line":59,"column":1}},"line":49},"3":{"name":"(anonymous_3)","decl":{"start":{"line":62,"column":38},"end":{"line":62,"column":39}},"loc":{"start":{"line":62,"column":58},"end":{"line":74,"column":1}},"line":62},"4":{"name":"(anonymous_4)","decl":{"start":{"line":77,"column":26},"end":{"line":77,"column":27}},"loc":{"start":{"line":77,"column":46},"end":{"line":110,"column":1}},"line":77},"5":{"name":"(anonymous_5)","decl":{"start":{"line":112,"column":23},"end":{"line":112,"column":24}},"loc":{"start":{"line":112,"column":43},"end":{"line":136,"column":1}},"line":112},"6":{"name":"(anonymous_6)","decl":{"start":{"line":139,"column":29},"end":{"line":139,"column":30}},"loc":{"start":{"line":139,"column":49},"end":{"line":150,"column":1}},"line":139},"7":{"name":"(anonymous_7)","decl":{"start":{"line":153,"column":32},"end":{"line":153,"column":33}},"loc":{"start":{"line":153,"column":52},"end":{"line":164,"column":1}},"line":153},"8":{"name":"(anonymous_8)","decl":{"start":{"line":169,"column":26},"end":{"line":169,"column":27}},"loc":{"start":{"line":169,"column":46},"end":{"line":177,"column":1}},"line":169},"9":{"name":"(anonymous_9)","decl":{"start":{"line":181,"column":30},"end":{"line":181,"column":31}},"loc":{"start":{"line":181,"column":50},"end":{"line":194,"column":1}},"line":181},"10":{"name":"(anonymous_10)","decl":{"start":{"line":198,"column":27},"end":{"line":198,"column":28}},"loc":{"start":{"line":198,"column":47},"end":{"line":225,"column":1}},"line":198},"11":{"name":"(anonymous_11)","decl":{"start":{"line":229,"column":30},"end":{"line":229,"column":31}},"loc":{"start":{"line":229,"column":50},"end":{"line":256,"column":1}},"line":229},"12":{"name":"(anonymous_12)","decl":{"start":{"line":260,"column":33},"end":{"line":260,"column":34}},"loc":{"start":{"line":260,"column":53},"end":{"line":278,"column":1}},"line":260},"13":{"name":"(anonymous_13)","decl":{"start":{"line":282,"column":31},"end":{"line":282,"column":32}},"loc":{"start":{"line":282,"column":52},"end":{"line":300,"column":1}},"line":282},"14":{"name":"(anonymous_14)","decl":{"start":{"line":287,"column":31},"end":{"line":287,"column":32}},"loc":{"start":{"line":287,"column":47},"end":{"line":289,"column":5}},"line":287},"15":{"name":"(anonymous_15)","decl":{"start":{"line":304,"column":35},"end":{"line":304,"column":36}},"loc":{"start":{"line":304,"column":55},"end":{"line":341,"column":1}},"line":304},"16":{"name":"(anonymous_16)","decl":{"start":{"line":345,"column":25},"end":{"line":345,"column":26}},"loc":{"start":{"line":345,"column":45},"end":{"line":415,"column":1}},"line":345},"17":{"name":"(anonymous_17)","decl":{"start":{"line":419,"column":37},"end":{"line":419,"column":38}},"loc":{"start":{"line":419,"column":57},"end":{"line":461,"column":1}},"line":419},"18":{"name":"(anonymous_18)","decl":{"start":{"line":465,"column":40},"end":{"line":465,"column":41}},"loc":{"start":{"line":465,"column":60},"end":{"line":490,"column":1}},"line":465},"19":{"name":"(anonymous_19)","decl":{"start":{"line":494,"column":46},"end":{"line":494,"column":47}},"loc":{"start":{"line":494,"column":66},"end":{"line":529,"column":1}},"line":494},"20":{"name":"(anonymous_20)","decl":{"start":{"line":533,"column":20},"end":{"line":533,"column":21}},"loc":{"start":{"line":533,"column":39},"end":{"line":559,"column":1}},"line":533},"21":{"name":"(anonymous_21)","decl":{"start":{"line":561,"column":31},"end":{"line":561,"column":32}},"loc":{"start":{"line":561,"column":42},"end":{"line":585,"column":1}},"line":561},"22":{"name":"(anonymous_22)","decl":{"start":{"line":588,"column":4},"end":{"line":588,"column":5}},"loc":{"start":{"line":588,"column":33},"end":{"line":591,"column":5}},"line":588},"23":{"name":"(anonymous_23)","decl":{"start":{"line":594,"column":25},"end":{"line":594,"column":26}},"loc":{"start":{"line":594,"column":41},"end":{"line":596,"column":1}},"line":594},"24":{"name":"(anonymous_24)","decl":{"start":{"line":598,"column":24},"end":{"line":598,"column":25}},"loc":{"start":{"line":598,"column":45},"end":{"line":600,"column":1}},"line":598},"25":{"name":"(anonymous_25)","decl":{"start":{"line":602,"column":37},"end":{"line":602,"column":38}},"loc":{"start":{"line":602,"column":83},"end":{"line":606,"column":1}},"line":602},"26":{"name":"(anonymous_26)","decl":{"start":{"line":608,"column":37},"end":{"line":608,"column":38}},"loc":{"start":{"line":608,"column":71},"end":{"line":626,"column":1}},"line":608},"27":{"name":"(anonymous_27)","decl":{"start":{"line":628,"column":31},"end":{"line":628,"column":32}},"loc":{"start":{"line":628,"column":44},"end":{"line":644,"column":1}},"line":628},"28":{"name":"(anonymous_28)","decl":{"start":{"line":646,"column":37},"end":{"line":646,"column":38}},"loc":{"start":{"line":646,"column":56},"end":{"line":649,"column":1}},"line":646},"29":{"name":"(anonymous_29)","decl":{"start":{"line":651,"column":32},"end":{"line":651,"column":33}},"loc":{"start":{"line":651,"column":77},"end":{"line":669,"column":1}},"line":651},"30":{"name":"(anonymous_30)","decl":{"start":{"line":671,"column":34},"end":{"line":671,"column":35}},"loc":{"start":{"line":671,"column":91},"end":{"line":681,"column":1}},"line":671},"31":{"name":"(anonymous_31)","decl":{"start":{"line":683,"column":34},"end":{"line":683,"column":35}},"loc":{"start":{"line":683,"column":44},"end":{"line":696,"column":1}},"line":683},"32":{"name":"(anonymous_32)","decl":{"start":{"line":698,"column":28},"end":{"line":698,"column":29}},"loc":{"start":{"line":698,"column":46},"end":{"line":702,"column":1}},"line":698},"33":{"name":"(anonymous_33)","decl":{"start":{"line":699,"column":25},"end":{"line":699,"column":26}},"loc":{"start":{"line":699,"column":35},"end":{"line":701,"column":5}},"line":699},"34":{"name":"(anonymous_34)","decl":{"start":{"line":704,"column":30},"end":{"line":704,"column":31}},"loc":{"start":{"line":704,"column":67},"end":{"line":717,"column":1}},"line":704},"35":{"name":"(anonymous_35)","decl":{"start":{"line":719,"column":22},"end":{"line":719,"column":23}},"loc":{"start":{"line":726,"column":6},"end":{"line":739,"column":1}},"line":726},"36":{"name":"(anonymous_36)","decl":{"start":{"line":741,"column":32},"end":{"line":741,"column":33}},"loc":{"start":{"line":741,"column":64},"end":{"line":748,"column":1}},"line":741},"37":{"name":"(anonymous_37)","decl":{"start":{"line":751,"column":36},"end":{"line":751,"column":37}},"loc":{"start":{"line":751,"column":56},"end":{"line":805,"column":5}},"line":751},"38":{"name":"(anonymous_38)","decl":{"start":{"line":809,"column":41},"end":{"line":809,"column":42}},"loc":{"start":{"line":809,"column":61},"end":{"line":826,"column":1}},"line":809},"39":{"name":"(anonymous_39)","decl":{"start":{"line":830,"column":23},"end":{"line":830,"column":24}},"loc":{"start":{"line":830,"column":37},"end":{"line":832,"column":1}},"line":830}},"branchMap":{"0":{"loc":{"start":{"line":12,"column":13},"end":{"line":12,"column":37}},"type":"binary-expr","locations":[{"start":{"line":12,"column":13},"end":{"line":12,"column":29}},{"start":{"line":12,"column":33},"end":{"line":12,"column":37}}],"line":12},"1":{"loc":{"start":{"line":21,"column":8},"end":{"line":23,"column":9}},"type":"if","locations":[{"start":{"line":21,"column":8},"end":{"line":23,"column":9}},{"start":{},"end":{}}],"line":21},"2":{"loc":{"start":{"line":21,"column":12},"end":{"line":21,"column":54}},"type":"binary-expr","locations":[{"start":{"line":21,"column":12},"end":{"line":21,"column":19}},{"start":{"line":21,"column":23},"end":{"line":21,"column":54}}],"line":21},"3":{"loc":{"start":{"line":52,"column":8},"end":{"line":54,"column":9}},"type":"if","locations":[{"start":{"line":52,"column":8},"end":{"line":54,"column":9}},{"start":{},"end":{}}],"line":52},"4":{"loc":{"start":{"line":67,"column":8},"end":{"line":69,"column":9}},"type":"if","locations":[{"start":{"line":67,"column":8},"end":{"line":69,"column":9}},{"start":{},"end":{}}],"line":67},"5":{"loc":{"start":{"line":81,"column":8},"end":{"line":83,"column":9}},"type":"if","locations":[{"start":{"line":81,"column":8},"end":{"line":83,"column":9}},{"start":{},"end":{}}],"line":81},"6":{"loc":{"start":{"line":81,"column":12},"end":{"line":81,"column":42}},"type":"binary-expr","locations":[{"start":{"line":81,"column":12},"end":{"line":81,"column":19}},{"start":{"line":81,"column":23},"end":{"line":81,"column":29}},{"start":{"line":81,"column":33},"end":{"line":81,"column":42}}],"line":81},"7":{"loc":{"start":{"line":89,"column":8},"end":{"line":91,"column":9}},"type":"if","locations":[{"start":{"line":89,"column":8},"end":{"line":91,"column":9}},{"start":{},"end":{}}],"line":89},"8":{"loc":{"start":{"line":120,"column":8},"end":{"line":122,"column":9}},"type":"if","locations":[{"start":{"line":120,"column":8},"end":{"line":122,"column":9}},{"start":{},"end":{}}],"line":120},"9":{"loc":{"start":{"line":125,"column":8},"end":{"line":127,"column":9}},"type":"if","locations":[{"start":{"line":125,"column":8},"end":{"line":127,"column":9}},{"start":{},"end":{}}],"line":125},"10":{"loc":{"start":{"line":142,"column":8},"end":{"line":144,"column":9}},"type":"if","locations":[{"start":{"line":142,"column":8},"end":{"line":144,"column":9}},{"start":{},"end":{}}],"line":142},"11":{"loc":{"start":{"line":156,"column":8},"end":{"line":158,"column":9}},"type":"if","locations":[{"start":{"line":156,"column":8},"end":{"line":158,"column":9}},{"start":{},"end":{}}],"line":156},"12":{"loc":{"start":{"line":185,"column":8},"end":{"line":187,"column":9}},"type":"if","locations":[{"start":{"line":185,"column":8},"end":{"line":187,"column":9}},{"start":{},"end":{}}],"line":185},"13":{"loc":{"start":{"line":202,"column":8},"end":{"line":206,"column":9}},"type":"if","locations":[{"start":{"line":202,"column":8},"end":{"line":206,"column":9}},{"start":{},"end":{}}],"line":202},"14":{"loc":{"start":{"line":202,"column":12},"end":{"line":202,"column":79}},"type":"binary-expr","locations":[{"start":{"line":202,"column":12},"end":{"line":202,"column":19}},{"start":{"line":202,"column":23},"end":{"line":202,"column":35}},{"start":{"line":202,"column":39},"end":{"line":202,"column":46}},{"start":{"line":202,"column":50},"end":{"line":202,"column":79}}],"line":202},"15":{"loc":{"start":{"line":213,"column":20},"end":{"line":213,"column":42}},"type":"binary-expr","locations":[{"start":{"line":213,"column":20},"end":{"line":213,"column":26}},{"start":{"line":213,"column":30},"end":{"line":213,"column":42}}],"line":213},"16":{"loc":{"start":{"line":233,"column":8},"end":{"line":235,"column":9}},"type":"if","locations":[{"start":{"line":233,"column":8},"end":{"line":235,"column":9}},{"start":{},"end":{}}],"line":233},"17":{"loc":{"start":{"line":240,"column":20},"end":{"line":240,"column":45}},"type":"binary-expr","locations":[{"start":{"line":240,"column":20},"end":{"line":240,"column":26}},{"start":{"line":240,"column":30},"end":{"line":240,"column":45}}],"line":240},"18":{"loc":{"start":{"line":241,"column":25},"end":{"line":241,"column":60}},"type":"binary-expr","locations":[{"start":{"line":241,"column":25},"end":{"line":241,"column":36}},{"start":{"line":241,"column":40},"end":{"line":241,"column":60}}],"line":241},"19":{"loc":{"start":{"line":242,"column":20},"end":{"line":242,"column":45}},"type":"binary-expr","locations":[{"start":{"line":242,"column":20},"end":{"line":242,"column":26}},{"start":{"line":242,"column":30},"end":{"line":242,"column":45}}],"line":242},"20":{"loc":{"start":{"line":243,"column":29},"end":{"line":243,"column":103}},"type":"cond-expr","locations":[{"start":{"line":243,"column":61},"end":{"line":243,"column":76}},{"start":{"line":243,"column":79},"end":{"line":243,"column":103}}],"line":243},"21":{"loc":{"start":{"line":244,"column":20},"end":{"line":244,"column":45}},"type":"binary-expr","locations":[{"start":{"line":244,"column":20},"end":{"line":244,"column":26}},{"start":{"line":244,"column":30},"end":{"line":244,"column":45}}],"line":244},"22":{"loc":{"start":{"line":264,"column":8},"end":{"line":266,"column":9}},"type":"if","locations":[{"start":{"line":264,"column":8},"end":{"line":266,"column":9}},{"start":{},"end":{}}],"line":264},"23":{"loc":{"start":{"line":293,"column":4},"end":{"line":297,"column":5}},"type":"if","locations":[{"start":{"line":293,"column":4},"end":{"line":297,"column":5}},{"start":{},"end":{}}],"line":293},"24":{"loc":{"start":{"line":325,"column":8},"end":{"line":333,"column":9}},"type":"if","locations":[{"start":{"line":325,"column":8},"end":{"line":333,"column":9}},{"start":{},"end":{}}],"line":325},"25":{"loc":{"start":{"line":349,"column":8},"end":{"line":353,"column":9}},"type":"if","locations":[{"start":{"line":349,"column":8},"end":{"line":353,"column":9}},{"start":{},"end":{}}],"line":349},"26":{"loc":{"start":{"line":349,"column":12},"end":{"line":349,"column":37}},"type":"binary-expr","locations":[{"start":{"line":349,"column":12},"end":{"line":349,"column":22}},{"start":{"line":349,"column":26},"end":{"line":349,"column":37}}],"line":349},"27":{"loc":{"start":{"line":357,"column":8},"end":{"line":361,"column":9}},"type":"if","locations":[{"start":{"line":357,"column":8},"end":{"line":361,"column":9}},{"start":{},"end":{}}],"line":357},"28":{"loc":{"start":{"line":370,"column":8},"end":{"line":376,"column":9}},"type":"if","locations":[{"start":{"line":370,"column":8},"end":{"line":376,"column":9}},{"start":{},"end":{}}],"line":370},"29":{"loc":{"start":{"line":387,"column":8},"end":{"line":402,"column":9}},"type":"if","locations":[{"start":{"line":387,"column":8},"end":{"line":402,"column":9}},{"start":{"line":394,"column":15},"end":{"line":402,"column":9}}],"line":387},"30":{"loc":{"start":{"line":426,"column":8},"end":{"line":430,"column":9}},"type":"if","locations":[{"start":{"line":426,"column":8},"end":{"line":430,"column":9}},{"start":{},"end":{}}],"line":426},"31":{"loc":{"start":{"line":432,"column":8},"end":{"line":441,"column":9}},"type":"if","locations":[{"start":{"line":432,"column":8},"end":{"line":441,"column":9}},{"start":{},"end":{}}],"line":432},"32":{"loc":{"start":{"line":471,"column":8},"end":{"line":475,"column":9}},"type":"if","locations":[{"start":{"line":471,"column":8},"end":{"line":475,"column":9}},{"start":{},"end":{}}],"line":471},"33":{"loc":{"start":{"line":505,"column":8},"end":{"line":509,"column":9}},"type":"if","locations":[{"start":{"line":505,"column":8},"end":{"line":509,"column":9}},{"start":{},"end":{}}],"line":505},"34":{"loc":{"start":{"line":536,"column":4},"end":{"line":538,"column":5}},"type":"if","locations":[{"start":{"line":536,"column":4},"end":{"line":538,"column":5}},{"start":{},"end":{}}],"line":536},"35":{"loc":{"start":{"line":536,"column":8},"end":{"line":536,"column":60}},"type":"binary-expr","locations":[{"start":{"line":536,"column":8},"end":{"line":536,"column":32}},{"start":{"line":536,"column":36},"end":{"line":536,"column":60}}],"line":536},"36":{"loc":{"start":{"line":546,"column":8},"end":{"line":552,"column":9}},"type":"if","locations":[{"start":{"line":546,"column":8},"end":{"line":552,"column":9}},{"start":{},"end":{}}],"line":546},"37":{"loc":{"start":{"line":549,"column":12},"end":{"line":551,"column":13}},"type":"if","locations":[{"start":{"line":549,"column":12},"end":{"line":551,"column":13}},{"start":{},"end":{}}],"line":549},"38":{"loc":{"start":{"line":564,"column":4},"end":{"line":566,"column":5}},"type":"if","locations":[{"start":{"line":564,"column":4},"end":{"line":566,"column":5}},{"start":{},"end":{}}],"line":564},"39":{"loc":{"start":{"line":576,"column":4},"end":{"line":578,"column":5}},"type":"if","locations":[{"start":{"line":576,"column":4},"end":{"line":578,"column":5}},{"start":{},"end":{}}],"line":576},"40":{"loc":{"start":{"line":580,"column":4},"end":{"line":582,"column":5}},"type":"if","locations":[{"start":{"line":580,"column":4},"end":{"line":582,"column":5}},{"start":{},"end":{}}],"line":580},"41":{"loc":{"start":{"line":580,"column":8},"end":{"line":580,"column":46}},"type":"binary-expr","locations":[{"start":{"line":580,"column":8},"end":{"line":580,"column":27}},{"start":{"line":580,"column":31},"end":{"line":580,"column":46}}],"line":580},"42":{"loc":{"start":{"line":595,"column":11},"end":{"line":595,"column":62}},"type":"binary-expr","locations":[{"start":{"line":595,"column":11},"end":{"line":595,"column":35}},{"start":{"line":595,"column":39},"end":{"line":595,"column":62}}],"line":595},"43":{"loc":{"start":{"line":603,"column":4},"end":{"line":605,"column":5}},"type":"if","locations":[{"start":{"line":603,"column":4},"end":{"line":605,"column":5}},{"start":{},"end":{}}],"line":603},"44":{"loc":{"start":{"line":603,"column":8},"end":{"line":603,"column":51}},"type":"binary-expr","locations":[{"start":{"line":603,"column":8},"end":{"line":603,"column":18}},{"start":{"line":603,"column":22},"end":{"line":603,"column":33}},{"start":{"line":603,"column":37},"end":{"line":603,"column":51}}],"line":603},"45":{"loc":{"start":{"line":629,"column":4},"end":{"line":631,"column":5}},"type":"if","locations":[{"start":{"line":629,"column":4},"end":{"line":631,"column":5}},{"start":{},"end":{}}],"line":629},"46":{"loc":{"start":{"line":633,"column":4},"end":{"line":635,"column":5}},"type":"if","locations":[{"start":{"line":633,"column":4},"end":{"line":635,"column":5}},{"start":{},"end":{}}],"line":633},"47":{"loc":{"start":{"line":633,"column":8},"end":{"line":633,"column":66}},"type":"binary-expr","locations":[{"start":{"line":633,"column":8},"end":{"line":633,"column":29}},{"start":{"line":633,"column":33},"end":{"line":633,"column":66}}],"line":633},"48":{"loc":{"start":{"line":639,"column":4},"end":{"line":641,"column":5}},"type":"if","locations":[{"start":{"line":639,"column":4},"end":{"line":641,"column":5}},{"start":{},"end":{}}],"line":639},"49":{"loc":{"start":{"line":652,"column":4},"end":{"line":654,"column":5}},"type":"if","locations":[{"start":{"line":652,"column":4},"end":{"line":654,"column":5}},{"start":{},"end":{}}],"line":652},"50":{"loc":{"start":{"line":652,"column":8},"end":{"line":652,"column":50}},"type":"binary-expr","locations":[{"start":{"line":652,"column":8},"end":{"line":652,"column":22}},{"start":{"line":652,"column":26},"end":{"line":652,"column":42}},{"start":{"line":652,"column":46},"end":{"line":652,"column":50}}],"line":652},"51":{"loc":{"start":{"line":656,"column":4},"end":{"line":658,"column":5}},"type":"if","locations":[{"start":{"line":656,"column":4},"end":{"line":658,"column":5}},{"start":{},"end":{}}],"line":656},"52":{"loc":{"start":{"line":660,"column":4},"end":{"line":662,"column":5}},"type":"if","locations":[{"start":{"line":660,"column":4},"end":{"line":662,"column":5}},{"start":{},"end":{}}],"line":660},"53":{"loc":{"start":{"line":664,"column":4},"end":{"line":666,"column":5}},"type":"if","locations":[{"start":{"line":664,"column":4},"end":{"line":666,"column":5}},{"start":{},"end":{}}],"line":664},"54":{"loc":{"start":{"line":672,"column":4},"end":{"line":674,"column":5}},"type":"if","locations":[{"start":{"line":672,"column":4},"end":{"line":674,"column":5}},{"start":{},"end":{}}],"line":672},"55":{"loc":{"start":{"line":686,"column":4},"end":{"line":688,"column":5}},"type":"if","locations":[{"start":{"line":686,"column":4},"end":{"line":688,"column":5}},{"start":{},"end":{}}],"line":686},"56":{"loc":{"start":{"line":690,"column":4},"end":{"line":695,"column":5}},"type":"if","locations":[{"start":{"line":690,"column":4},"end":{"line":695,"column":5}},{"start":{},"end":{}}],"line":690},"57":{"loc":{"start":{"line":712,"column":24},"end":{"line":712,"column":69}},"type":"cond-expr","locations":[{"start":{"line":712,"column":42},"end":{"line":712,"column":51}},{"start":{"line":712,"column":54},"end":{"line":712,"column":69}}],"line":712},"58":{"loc":{"start":{"line":801,"column":30},"end":{"line":801,"column":49}},"type":"binary-expr","locations":[{"start":{"line":801,"column":30},"end":{"line":801,"column":42}},{"start":{"line":801,"column":46},"end":{"line":801,"column":49}}],"line":801}},"s":{"0":1,"1":1,"2":1,"3":1,"4":1,"5":1,"6":1,"7":1,"8":1,"9":53,"10":53,"11":53,"12":0,"13":1,"14":1,"15":1,"16":2,"17":2,"18":1,"19":1,"20":1,"21":1,"22":2,"23":2,"24":2,"25":1,"26":1,"27":0,"28":1,"29":2,"30":2,"31":2,"32":1,"33":1,"34":0,"35":1,"36":3,"37":3,"38":3,"39":1,"40":2,"41":2,"42":1,"43":1,"44":1,"45":1,"46":0,"47":0,"48":1,"49":3,"50":3,"51":3,"52":3,"53":1,"54":2,"55":1,"56":1,"57":1,"58":0,"59":0,"60":1,"61":2,"62":2,"63":2,"64":1,"65":1,"66":1,"67":0,"68":1,"69":1,"70":1,"71":1,"72":0,"73":1,"74":1,"75":0,"76":1,"77":1,"78":1,"79":1,"80":0,"81":0,"82":1,"83":2,"84":2,"85":2,"86":1,"87":1,"88":0,"89":0,"90":1,"91":2,"92":2,"93":2,"94":1,"95":1,"96":1,"97":0,"98":0,"99":1,"100":2,"101":2,"102":2,"103":1,"104":1,"105":1,"106":1,"107":0,"108":0,"109":1,"110":2,"111":2,"112":2,"113":1,"114":1,"115":1,"116":0,"117":0,"118":1,"119":5,"120":5,"121":3,"122":5,"123":5,"124":5,"125":5,"126":1,"127":2,"128":2,"129":2,"130":2,"131":1,"132":1,"133":0,"134":0,"135":1,"136":4,"137":4,"138":4,"139":1,"140":3,"141":3,"142":1,"143":2,"144":2,"145":1,"146":2,"147":2,"148":2,"149":1,"150":1,"151":1,"152":2,"153":2,"154":0,"155":0,"156":1,"157":3,"158":3,"159":3,"160":3,"161":3,"162":1,"163":2,"164":1,"165":1,"166":1,"167":1,"168":1,"169":1,"170":1,"171":1,"172":0,"173":0,"174":1,"175":2,"176":2,"177":2,"178":2,"179":1,"180":1,"181":1,"182":1,"183":1,"184":0,"185":0,"186":1,"187":2,"188":2,"189":2,"190":2,"191":1,"192":1,"193":1,"194":1,"195":0,"196":0,"197":1,"198":4,"199":4,"200":0,"201":4,"202":4,"203":4,"204":4,"205":64,"206":64,"207":32,"208":32,"209":4,"210":64,"211":64,"212":4,"213":1,"214":3,"215":3,"216":0,"217":3,"218":3,"219":3,"220":3,"221":3,"222":3,"223":3,"224":1,"225":2,"226":0,"227":2,"228":10,"229":10,"230":1,"231":9,"232":1,"233":10,"234":1,"235":13,"236":1,"237":1,"238":12,"239":1,"240":12,"241":1,"242":11,"243":1,"244":10,"245":10,"246":1,"247":9,"248":1,"249":1,"250":1,"251":1,"252":5,"253":1,"254":4,"255":1,"256":3,"257":1,"258":2,"259":1,"260":1,"261":1,"262":9,"263":4,"264":5,"265":1,"266":5,"267":5,"268":1,"269":4,"270":1,"271":1,"272":5,"273":5,"274":1,"275":3,"276":3,"277":3,"278":3,"279":1,"280":3,"281":1,"282":2,"283":1,"284":13,"285":13,"286":13,"287":13,"288":12,"289":12,"290":9,"291":5,"292":3,"293":3,"294":2,"295":2,"296":2,"297":11,"298":11,"299":11,"300":1,"301":2,"302":2,"303":2,"304":1,"305":1,"306":1,"307":1,"308":1,"309":1},"f":{"0":53,"1":2,"2":2,"3":2,"4":3,"5":3,"6":2,"7":1,"8":1,"9":2,"10":2,"11":2,"12":2,"13":5,"14":3,"15":2,"16":4,"17":3,"18":2,"19":2,"20":4,"21":3,"22":10,"23":9,"24":10,"25":13,"26":12,"27":12,"28":1,"29":5,"30":9,"31":5,"32":5,"33":5,"34":3,"35":3,"36":2,"37":13,"38":2,"39":1},"b":{"0":[1,1],"1":[53,0],"2":[53,0],"3":[1,1],"4":[1,1],"5":[1,2],"6":[3,2,2],"7":[1,1],"8":[1,2],"9":[1,1],"10":[1,1],"11":[0,1],"12":[1,1],"13":[1,1],"14":[2,1,1,1],"15":[1,0],"16":[1,1],"17":[1,0],"18":[1,0],"19":[1,0],"20":[1,0],"21":[1,0],"22":[1,1],"23":[5,0],"24":[1,1],"25":[1,3],"26":[4,3],"27":[1,2],"28":[1,1],"29":[1,1],"30":[1,2],"31":[1,1],"32":[1,1],"33":[1,1],"34":[0,4],"35":[4,4],"36":[32,32],"37":[4,28],"38":[0,3],"39":[1,2],"40":[0,2],"41":[2,0],"42":[9,4],"43":[1,12],"44":[13,13,12],"45":[1,11],"46":[1,10],"47":[11,11],"48":[1,9],"49":[1,4],"50":[5,4,4],"51":[1,3],"52":[1,2],"53":[1,1],"54":[4,5],"55":[1,4],"56":[1,3],"57":[0,3],"58":[11,1]},"_coverageSchema":"1a1c01bbd47fc00a2c39e90264f33305004495a9","hash":"07134e16dec84a4da27bc1f56bb4af48f37fcbfe"}
,"C:\\Users\\ADMIN\\Desktop\\Universidad\\Sexto Semestre\\Ingesoft2\\Primera Entrega Proyecto\\src\\Context\\MyContext.jsx": {"path":"C:\\Users\\ADMIN\\Desktop\\Universidad\\Sexto Semestre\\Ingesoft2\\Primera Entrega Proyecto\\src\\Context\\MyContext.jsx","statementMap":{"0":{"start":{"line":4,"column":27},"end":{"line":4,"column":42}},"1":{"start":{"line":7,"column":34},"end":{"line":7,"column":43}},"2":{"start":{"line":9,"column":2},"end":{"line":13,"column":4}}},"fnMap":{"0":{"name":"AuthProvider","decl":{"start":{"line":6,"column":16},"end":{"line":6,"column":28}},"loc":{"start":{"line":6,"column":43},"end":{"line":14,"column":1}},"line":6}},"branchMap":{},"s":{"0":6,"1":6,"2":6},"f":{"0":6},"b":{},"_coverageSchema":"1a1c01bbd47fc00a2c39e90264f33305004495a9","hash":"a1e9f4db177bb86834f7a109a962de2b64f2146b"}
,"C:\\Users\\ADMIN\\Desktop\\Universidad\\Sexto Semestre\\Ingesoft2\\Primera Entrega Proyecto\\src\\Hooks\\useAuth.jsx": {"path":"C:\\Users\\ADMIN\\Desktop\\Universidad\\Sexto Semestre\\Ingesoft2\\Primera Entrega Proyecto\\src\\Hooks\\useAuth.jsx","statementMap":{"0":{"start":{"line":4,"column":26},"end":{"line":4,"column":40}},"1":{"start":{"line":6,"column":2},"end":{"line":12,"column":8}},"2":{"start":{"line":7,"column":23},"end":{"line":7,"column":51}},"3":{"start":{"line":9,"column":4},"end":{"line":11,"column":5}},"4":{"start":{"line":10,"column":4},"end":{"line":10,"column":36}},"5":{"start":{"line":14,"column":16},"end":{"line":17,"column":3}},"6":{"start":{"line":15,"column":4},"end":{"line":15,"column":22}},"7":{"start":{"line":16,"column":4},"end":{"line":16,"column":59}},"8":{"start":{"line":19,"column":17},"end":{"line":22,"column":3}},"9":{"start":{"line":20,"column":4},"end":{"line":20,"column":18}},"10":{"start":{"line":21,"column":4},"end":{"line":21,"column":36}},"11":{"start":{"line":24,"column":2},"end":{"line":24,"column":33}}},"fnMap":{"0":{"name":"useAuth","decl":{"start":{"line":3,"column":16},"end":{"line":3,"column":23}},"loc":{"start":{"line":3,"column":26},"end":{"line":25,"column":1}},"line":3},"1":{"name":"(anonymous_1)","decl":{"start":{"line":6,"column":12},"end":{"line":6,"column":13}},"loc":{"start":{"line":6,"column":18},"end":{"line":12,"column":3}},"line":6},"2":{"name":"(anonymous_2)","decl":{"start":{"line":14,"column":16},"end":{"line":14,"column":17}},"loc":{"start":{"line":14,"column":30},"end":{"line":17,"column":3}},"line":14},"3":{"name":"(anonymous_3)","decl":{"start":{"line":19,"column":17},"end":{"line":19,"column":18}},"loc":{"start":{"line":19,"column":23},"end":{"line":22,"column":3}},"line":19}},"branchMap":{"0":{"loc":{"start":{"line":9,"column":4},"end":{"line":11,"column":5}},"type":"if","locations":[{"start":{"line":9,"column":4},"end":{"line":11,"column":5}},{"start":{},"end":{}}],"line":9}},"s":{"0":14,"1":14,"2":7,"3":7,"4":1,"5":14,"6":4,"7":4,"8":14,"9":2,"10":2,"11":14},"f":{"0":14,"1":7,"2":4,"3":2},"b":{"0":[1,6]},"_coverageSchema":"1a1c01bbd47fc00a2c39e90264f33305004495a9","hash":"9bdf888a75503ed281cc176789a8f6d0545582d5"}
,"C:\\Users\\ADMIN\\Desktop\\Universidad\\Sexto Semestre\\Ingesoft2\\Primera Entrega Proyecto\\src\\Paginas\\CarritoCompras.jsx": {"path":"C:\\Users\\ADMIN\\Desktop\\Universidad\\Sexto Semestre\\Ingesoft2\\Primera Entrega Proyecto\\src\\Paginas\\CarritoCompras.jsx","statementMap":{"0":{"start":{"line":6,"column":23},"end":{"line":256,"column":1}},"1":{"start":{"line":7,"column":19},"end":{"line":7,"column":32}},"2":{"start":{"line":8,"column":19},"end":{"line":8,"column":42}},"3":{"start":{"line":10,"column":32},"end":{"line":10,"column":46}},"4":{"start":{"line":11,"column":28},"end":{"line":11,"column":40}},"5":{"start":{"line":12,"column":34},"end":{"line":12,"column":48}},"6":{"start":{"line":14,"column":24},"end":{"line":40,"column":3}},"7":{"start":{"line":15,"column":4},"end":{"line":19,"column":5}},"8":{"start":{"line":16,"column":6},"end":{"line":16,"column":57}},"9":{"start":{"line":17,"column":6},"end":{"line":17,"column":25}},"10":{"start":{"line":18,"column":6},"end":{"line":18,"column":13}},"11":{"start":{"line":21,"column":4},"end":{"line":39,"column":5}},"12":{"start":{"line":22,"column":6},"end":{"line":22,"column":24}},"13":{"start":{"line":24,"column":24},"end":{"line":24,"column":83}},"14":{"start":{"line":25,"column":19},"end":{"line":25,"column":41}},"15":{"start":{"line":27,"column":6},"end":{"line":30,"column":7}},"16":{"start":{"line":28,"column":8},"end":{"line":28,"column":61}},"17":{"start":{"line":29,"column":8},"end":{"line":29,"column":15}},"18":{"start":{"line":32,"column":6},"end":{"line":32,"column":23}},"19":{"start":{"line":33,"column":6},"end":{"line":33,"column":40}},"20":{"start":{"line":35,"column":6},"end":{"line":35,"column":55}},"21":{"start":{"line":36,"column":6},"end":{"line":36,"column":51}},"22":{"start":{"line":38,"column":6},"end":{"line":38,"column":25}},"23":{"start":{"line":42,"column":2},"end":{"line":44,"column":9}},"24":{"start":{"line":43,"column":4},"end":{"line":43,"column":20}},"25":{"start":{"line":46,"column":29},"end":{"line":70,"column":3}},"26":{"start":{"line":47,"column":4},"end":{"line":69,"column":5}},"27":{"start":{"line":48,"column":24},"end":{"line":56,"column":8}},"28":{"start":{"line":58,"column":19},"end":{"line":58,"column":41}},"29":{"start":{"line":60,"column":6},"end":{"line":63,"column":7}},"30":{"start":{"line":61,"column":8},"end":{"line":61,"column":65}},"31":{"start":{"line":62,"column":8},"end":{"line":62,"column":15}},"32":{"start":{"line":65,"column":6},"end":{"line":65,"column":22}},"33":{"start":{"line":67,"column":6},"end":{"line":67,"column":60}},"34":{"start":{"line":68,"column":6},"end":{"line":68,"column":51}},"35":{"start":{"line":72,"column":27},"end":{"line":74,"column":3}},"36":{"start":{"line":73,"column":4},"end":{"line":73,"column":57}},"37":{"start":{"line":76,"column":28},"end":{"line":78,"column":3}},"38":{"start":{"line":77,"column":4},"end":{"line":77,"column":57}},"39":{"start":{"line":80,"column":23},"end":{"line":98,"column":3}},"40":{"start":{"line":81,"column":4},"end":{"line":97,"column":5}},"41":{"start":{"line":82,"column":24},"end":{"line":84,"column":8}},"42":{"start":{"line":86,"column":19},"end":{"line":86,"column":41}},"43":{"start":{"line":88,"column":6},"end":{"line":91,"column":7}},"44":{"start":{"line":89,"column":8},"end":{"line":89,"column":64}},"45":{"start":{"line":90,"column":8},"end":{"line":90,"column":15}},"46":{"start":{"line":93,"column":6},"end":{"line":93,"column":22}},"47":{"start":{"line":95,"column":6},"end":{"line":95,"column":54}},"48":{"start":{"line":96,"column":6},"end":{"line":96,"column":51}},"49":{"start":{"line":100,"column":24},"end":{"line":124,"column":3}},"50":{"start":{"line":101,"column":4},"end":{"line":101,"column":34}},"51":{"start":{"line":101,"column":27},"end":{"line":101,"column":34}},"52":{"start":{"line":103,"column":22},"end":{"line":103,"column":77}},"53":{"start":{"line":105,"column":4},"end":{"line":105,"column":27}},"54":{"start":{"line":105,"column":20},"end":{"line":105,"column":27}},"55":{"start":{"line":107,"column":4},"end":{"line":123,"column":5}},"56":{"start":{"line":108,"column":24},"end":{"line":110,"column":8}},"57":{"start":{"line":112,"column":19},"end":{"line":112,"column":41}},"58":{"start":{"line":114,"column":6},"end":{"line":117,"column":7}},"59":{"start":{"line":115,"column":8},"end":{"line":115,"column":61}},"60":{"start":{"line":116,"column":8},"end":{"line":116,"column":15}},"61":{"start":{"line":119,"column":6},"end":{"line":119,"column":22}},"62":{"start":{"line":121,"column":6},"end":{"line":121,"column":55}},"63":{"start":{"line":122,"column":6},"end":{"line":122,"column":51}},"64":{"start":{"line":126,"column":26},"end":{"line":128,"column":3}},"65":{"start":{"line":127,"column":4},"end":{"line":127,"column":27}},"66":{"start":{"line":130,"column":25},"end":{"line":132,"column":7}},"67":{"start":{"line":131,"column":4},"end":{"line":131,"column":33}},"68":{"start":{"line":134,"column":21},"end":{"line":134,"column":48}},"69":{"start":{"line":136,"column":25},"end":{"line":156,"column":3}},"70":{"start":{"line":137,"column":4},"end":{"line":140,"column":5}},"71":{"start":{"line":138,"column":6},"end":{"line":138,"column":72}},"72":{"start":{"line":139,"column":6},"end":{"line":139,"column":13}},"73":{"start":{"line":142,"column":4},"end":{"line":145,"column":5}},"74":{"start":{"line":143,"column":6},"end":{"line":143,"column":50}},"75":{"start":{"line":144,"column":6},"end":{"line":144,"column":13}},"76":{"start":{"line":147,"column":4},"end":{"line":155,"column":7}},"77":{"start":{"line":158,"column":2},"end":{"line":255,"column":4}},"78":{"start":{"line":185,"column":18},"end":{"line":229,"column":24}},"79":{"start":{"line":209,"column":41},"end":{"line":209,"column":64}},"80":{"start":{"line":216,"column":41},"end":{"line":216,"column":63}},"81":{"start":{"line":224,"column":39},"end":{"line":224,"column":60}}},"fnMap":{"0":{"name":"(anonymous_0)","decl":{"start":{"line":6,"column":23},"end":{"line":6,"column":24}},"loc":{"start":{"line":6,"column":29},"end":{"line":256,"column":1}},"line":6},"1":{"name":"(anonymous_1)","decl":{"start":{"line":14,"column":24},"end":{"line":14,"column":25}},"loc":{"start":{"line":14,"column":36},"end":{"line":40,"column":3}},"line":14},"2":{"name":"(anonymous_2)","decl":{"start":{"line":42,"column":12},"end":{"line":42,"column":13}},"loc":{"start":{"line":42,"column":18},"end":{"line":44,"column":3}},"line":42},"3":{"name":"(anonymous_3)","decl":{"start":{"line":46,"column":29},"end":{"line":46,"column":30}},"loc":{"start":{"line":46,"column":62},"end":{"line":70,"column":3}},"line":46},"4":{"name":"(anonymous_4)","decl":{"start":{"line":72,"column":27},"end":{"line":72,"column":28}},"loc":{"start":{"line":72,"column":43},"end":{"line":74,"column":3}},"line":72},"5":{"name":"(anonymous_5)","decl":{"start":{"line":76,"column":28},"end":{"line":76,"column":29}},"loc":{"start":{"line":76,"column":44},"end":{"line":78,"column":3}},"line":76},"6":{"name":"(anonymous_6)","decl":{"start":{"line":80,"column":23},"end":{"line":80,"column":24}},"loc":{"start":{"line":80,"column":41},"end":{"line":98,"column":3}},"line":80},"7":{"name":"(anonymous_7)","decl":{"start":{"line":100,"column":24},"end":{"line":100,"column":25}},"loc":{"start":{"line":100,"column":36},"end":{"line":124,"column":3}},"line":100},"8":{"name":"(anonymous_8)","decl":{"start":{"line":126,"column":26},"end":{"line":126,"column":27}},"loc":{"start":{"line":126,"column":32},"end":{"line":128,"column":3}},"line":126},"9":{"name":"(anonymous_9)","decl":{"start":{"line":130,"column":38},"end":{"line":130,"column":39}},"loc":{"start":{"line":130,"column":55},"end":{"line":132,"column":3}},"line":130},"10":{"name":"(anonymous_10)","decl":{"start":{"line":136,"column":25},"end":{"line":136,"column":26}},"loc":{"start":{"line":136,"column":31},"end":{"line":156,"column":3}},"line":136},"11":{"name":"(anonymous_11)","decl":{"start":{"line":184,"column":27},"end":{"line":184,"column":28}},"loc":{"start":{"line":185,"column":18},"end":{"line":229,"column":24}},"line":185},"12":{"name":"(anonymous_12)","decl":{"start":{"line":209,"column":35},"end":{"line":209,"column":36}},"loc":{"start":{"line":209,"column":41},"end":{"line":209,"column":64}},"line":209},"13":{"name":"(anonymous_13)","decl":{"start":{"line":216,"column":35},"end":{"line":216,"column":36}},"loc":{"start":{"line":216,"column":41},"end":{"line":216,"column":63}},"line":216},"14":{"name":"(anonymous_14)","decl":{"start":{"line":224,"column":33},"end":{"line":224,"column":34}},"loc":{"start":{"line":224,"column":39},"end":{"line":224,"column":60}},"line":224}},"branchMap":{"0":{"loc":{"start":{"line":15,"column":4},"end":{"line":19,"column":5}},"type":"if","locations":[{"start":{"line":15,"column":4},"end":{"line":19,"column":5}},{"start":{},"end":{}}],"line":15},"1":{"loc":{"start":{"line":15,"column":8},"end":{"line":15,"column":25}},"type":"binary-expr","locations":[{"start":{"line":15,"column":8},"end":{"line":15,"column":13}},{"start":{"line":15,"column":17},"end":{"line":15,"column":25}}],"line":15},"2":{"loc":{"start":{"line":27,"column":6},"end":{"line":30,"column":7}},"type":"if","locations":[{"start":{"line":27,"column":6},"end":{"line":30,"column":7}},{"start":{},"end":{}}],"line":27},"3":{"loc":{"start":{"line":28,"column":14},"end":{"line":28,"column":59}},"type":"binary-expr","locations":[{"start":{"line":28,"column":14},"end":{"line":28,"column":24}},{"start":{"line":28,"column":28},"end":{"line":28,"column":59}}],"line":28},"4":{"loc":{"start":{"line":33,"column":15},"end":{"line":33,"column":38}},"type":"binary-expr","locations":[{"start":{"line":33,"column":15},"end":{"line":33,"column":32}},{"start":{"line":33,"column":36},"end":{"line":33,"column":38}}],"line":33},"5":{"loc":{"start":{"line":60,"column":6},"end":{"line":63,"column":7}},"type":"if","locations":[{"start":{"line":60,"column":6},"end":{"line":63,"column":7}},{"start":{},"end":{}}],"line":60},"6":{"loc":{"start":{"line":61,"column":14},"end":{"line":61,"column":63}},"type":"binary-expr","locations":[{"start":{"line":61,"column":14},"end":{"line":61,"column":24}},{"start":{"line":61,"column":28},"end":{"line":61,"column":63}}],"line":61},"7":{"loc":{"start":{"line":88,"column":6},"end":{"line":91,"column":7}},"type":"if","locations":[{"start":{"line":88,"column":6},"end":{"line":91,"column":7}},{"start":{},"end":{}}],"line":88},"8":{"loc":{"start":{"line":89,"column":14},"end":{"line":89,"column":62}},"type":"binary-expr","locations":[{"start":{"line":89,"column":14},"end":{"line":89,"column":24}},{"start":{"line":89,"column":28},"end":{"line":89,"column":62}}],"line":89},"9":{"loc":{"start":{"line":101,"column":4},"end":{"line":101,"column":34}},"type":"if","locations":[{"start":{"line":101,"column":4},"end":{"line":101,"column":34}},{"start":{},"end":{}}],"line":101},"10":{"loc":{"start":{"line":101,"column":8},"end":{"line":101,"column":25}},"type":"binary-expr","locations":[{"start":{"line":101,"column":8},"end":{"line":101,"column":13}},{"start":{"line":101,"column":17},"end":{"line":101,"column":25}}],"line":101},"11":{"loc":{"start":{"line":105,"column":4},"end":{"line":105,"column":27}},"type":"if","locations":[{"start":{"line":105,"column":4},"end":{"line":105,"column":27}},{"start":{},"end":{}}],"line":105},"12":{"loc":{"start":{"line":114,"column":6},"end":{"line":117,"column":7}},"type":"if","locations":[{"start":{"line":114,"column":6},"end":{"line":117,"column":7}},{"start":{},"end":{}}],"line":114},"13":{"loc":{"start":{"line":115,"column":14},"end":{"line":115,"column":59}},"type":"binary-expr","locations":[{"start":{"line":115,"column":14},"end":{"line":115,"column":24}},{"start":{"line":115,"column":28},"end":{"line":115,"column":59}}],"line":115},"14":{"loc":{"start":{"line":134,"column":28},"end":{"line":134,"column":47}},"type":"binary-expr","locations":[{"start":{"line":134,"column":28},"end":{"line":134,"column":42}},{"start":{"line":134,"column":46},"end":{"line":134,"column":47}}],"line":134},"15":{"loc":{"start":{"line":137,"column":4},"end":{"line":140,"column":5}},"type":"if","locations":[{"start":{"line":137,"column":4},"end":{"line":140,"column":5}},{"start":{},"end":{}}],"line":137},"16":{"loc":{"start":{"line":142,"column":4},"end":{"line":145,"column":5}},"type":"if","locations":[{"start":{"line":142,"column":4},"end":{"line":145,"column":5}},{"start":{},"end":{}}],"line":142},"17":{"loc":{"start":{"line":176,"column":13},"end":{"line":232,"column":13}},"type":"cond-expr","locations":[{"start":{"line":177,"column":14},"end":{"line":177,"column":40}},{"start":{"line":178,"column":16},"end":{"line":232,"column":13}}],"line":176},"18":{"loc":{"start":{"line":178,"column":16},"end":{"line":232,"column":13}},"type":"cond-expr","locations":[{"start":{"line":179,"column":14},"end":{"line":181,"column":18}},{"start":{"line":183,"column":14},"end":{"line":231,"column":20}}],"line":178}},"s":{"0":1,"1":33,"2":33,"3":33,"4":33,"5":33,"6":33,"7":19,"8":1,"9":1,"10":1,"11":18,"12":18,"13":18,"14":17,"15":17,"16":1,"17":1,"18":16,"19":16,"20":1,"21":1,"22":18,"23":33,"24":15,"25":33,"26":3,"27":3,"28":3,"29":3,"30":1,"31":1,"32":2,"33":0,"34":0,"35":33,"36":2,"37":33,"38":1,"39":33,"40":2,"41":2,"42":2,"43":2,"44":1,"45":1,"46":1,"47":0,"48":0,"49":33,"50":3,"51":0,"52":3,"53":3,"54":1,"55":2,"56":2,"57":2,"58":2,"59":1,"60":1,"61":1,"62":0,"63":0,"64":33,"65":0,"66":33,"67":12,"68":33,"69":33,"70":2,"71":1,"72":1,"73":1,"74":0,"75":0,"76":1,"77":33,"78":12,"79":1,"80":2,"81":2},"f":{"0":33,"1":19,"2":15,"3":3,"4":2,"5":1,"6":2,"7":3,"8":0,"9":12,"10":2,"11":12,"12":1,"13":2,"14":2},"b":{"0":[1,18],"1":[19,18],"2":[1,16],"3":[1,0],"4":[16,0],"5":[1,2],"6":[1,0],"7":[1,1],"8":[1,0],"9":[0,3],"10":[3,3],"11":[1,2],"12":[1,1],"13":[1,0],"14":[33,21],"15":[1,1],"16":[0,1],"17":[15,18],"18":[6,12]},"_coverageSchema":"1a1c01bbd47fc00a2c39e90264f33305004495a9","hash":"1ffc9bd8a99212aca0f3d6753920f932328e1d64"}
,"C:\\Users\\ADMIN\\Desktop\\Universidad\\Sexto Semestre\\Ingesoft2\\Primera Entrega Proyecto\\src\\Paginas\\Login.jsx": {"path":"C:\\Users\\ADMIN\\Desktop\\Universidad\\Sexto Semestre\\Ingesoft2\\Primera Entrega Proyecto\\src\\Paginas\\Login.jsx","statementMap":{"0":{"start":{"line":8,"column":26},"end":{"line":8,"column":38}},"1":{"start":{"line":9,"column":30},"end":{"line":9,"column":42}},"2":{"start":{"line":10,"column":19},"end":{"line":10,"column":32}},"3":{"start":{"line":11,"column":20},"end":{"line":11,"column":43}},"4":{"start":{"line":13,"column":22},"end":{"line":54,"column":3}},"5":{"start":{"line":14,"column":4},"end":{"line":17,"column":5}},"6":{"start":{"line":15,"column":6},"end":{"line":15,"column":52}},"7":{"start":{"line":16,"column":6},"end":{"line":16,"column":13}},"8":{"start":{"line":19,"column":4},"end":{"line":53,"column":5}},"9":{"start":{"line":20,"column":24},"end":{"line":29,"column":8}},"10":{"start":{"line":31,"column":19},"end":{"line":31,"column":41}},"11":{"start":{"line":33,"column":6},"end":{"line":36,"column":7}},"12":{"start":{"line":34,"column":8},"end":{"line":34,"column":62}},"13":{"start":{"line":35,"column":8},"end":{"line":35,"column":15}},"14":{"start":{"line":45,"column":30},"end":{"line":45,"column":50}},"15":{"start":{"line":47,"column":6},"end":{"line":47,"column":29}},"16":{"start":{"line":48,"column":6},"end":{"line":48,"column":29}},"17":{"start":{"line":51,"column":6},"end":{"line":51,"column":46}},"18":{"start":{"line":52,"column":6},"end":{"line":52,"column":52}},"19":{"start":{"line":56,"column":2},"end":{"line":97,"column":4}},"20":{"start":{"line":73,"column":29},"end":{"line":73,"column":52}},"21":{"start":{"line":82,"column":29},"end":{"line":82,"column":54}}},"fnMap":{"0":{"name":"Login","decl":{"start":{"line":7,"column":9},"end":{"line":7,"column":14}},"loc":{"start":{"line":7,"column":17},"end":{"line":98,"column":1}},"line":7},"1":{"name":"(anonymous_1)","decl":{"start":{"line":13,"column":22},"end":{"line":13,"column":23}},"loc":{"start":{"line":13,"column":34},"end":{"line":54,"column":3}},"line":13},"2":{"name":"(anonymous_2)","decl":{"start":{"line":73,"column":22},"end":{"line":73,"column":23}},"loc":{"start":{"line":73,"column":29},"end":{"line":73,"column":52}},"line":73},"3":{"name":"(anonymous_3)","decl":{"start":{"line":82,"column":22},"end":{"line":82,"column":23}},"loc":{"start":{"line":82,"column":29},"end":{"line":82,"column":54}},"line":82}},"branchMap":{"0":{"loc":{"start":{"line":14,"column":4},"end":{"line":17,"column":5}},"type":"if","locations":[{"start":{"line":14,"column":4},"end":{"line":17,"column":5}},{"start":{},"end":{}}],"line":14},"1":{"loc":{"start":{"line":14,"column":8},"end":{"line":14,"column":50}},"type":"binary-expr","locations":[{"start":{"line":14,"column":8},"end":{"line":14,"column":26}},{"start":{"line":14,"column":30},"end":{"line":14,"column":50}}],"line":14},"2":{"loc":{"start":{"line":33,"column":6},"end":{"line":36,"column":7}},"type":"if","locations":[{"start":{"line":33,"column":6},"end":{"line":36,"column":7}},{"start":{},"end":{}}],"line":33},"3":{"loc":{"start":{"line":34,"column":14},"end":{"line":34,"column":60}},"type":"binary-expr","locations":[{"start":{"line":34,"column":14},"end":{"line":34,"column":24}},{"start":{"line":34,"column":28},"end":{"line":34,"column":60}}],"line":34},"4":{"loc":{"start":{"line":45,"column":30},"end":{"line":45,"column":50}},"type":"binary-expr","locations":[{"start":{"line":45,"column":30},"end":{"line":45,"column":42}},{"start":{"line":45,"column":46},"end":{"line":45,"column":50}}],"line":45}},"s":{"0":131,"1":131,"2":131,"3":131,"4":131,"5":7,"6":2,"7":2,"8":5,"9":5,"10":4,"11":4,"12":2,"13":2,"14":2,"15":2,"16":2,"17":1,"18":1,"19":131,"20":96,"21":26},"f":{"0":131,"1":7,"2":96,"3":26},"b":{"0":[2,5],"1":[7,6],"2":[2,2],"3":[2,1],"4":[2,1]},"_coverageSchema":"1a1c01bbd47fc00a2c39e90264f33305004495a9","hash":"ef8245d85be6ac6e15c02454ab90363727ad2574"}
,"C:\\Users\\ADMIN\\Desktop\\Universidad\\Sexto Semestre\\Ingesoft2\\Primera Entrega Proyecto\\src\\Paginas\\PasarelaPagos.jsx": {"path":"C:\\Users\\ADMIN\\Desktop\\Universidad\\Sexto Semestre\\Ingesoft2\\Primera Entrega Proyecto\\src\\Paginas\\PasarelaPagos.jsx","statementMap":{"0":{"start":{"line":6,"column":22},"end":{"line":687,"column":1}},"1":{"start":{"line":7,"column":19},"end":{"line":7,"column":32}},"2":{"start":{"line":8,"column":19},"end":{"line":8,"column":32}},"3":{"start":{"line":9,"column":19},"end":{"line":9,"column":42}},"4":{"start":{"line":11,"column":20},"end":{"line":11,"column":34}},"5":{"start":{"line":13,"column":38},"end":{"line":13,"column":50}},"6":{"start":{"line":14,"column":32},"end":{"line":14,"column":44}},"7":{"start":{"line":15,"column":42},"end":{"line":15,"column":54}},"8":{"start":{"line":16,"column":38},"end":{"line":16,"column":53}},"9":{"start":{"line":18,"column":42},"end":{"line":23,"column":4}},"10":{"start":{"line":25,"column":54},"end":{"line":27,"column":4}},"11":{"start":{"line":29,"column":42},"end":{"line":35,"column":4}},"12":{"start":{"line":37,"column":2},"end":{"line":42,"column":28}},"13":{"start":{"line":38,"column":4},"end":{"line":41,"column":5}},"14":{"start":{"line":39,"column":6},"end":{"line":39,"column":60}},"15":{"start":{"line":40,"column":6},"end":{"line":40,"column":27}},"16":{"start":{"line":44,"column":2},"end":{"line":46,"column":3}},"17":{"start":{"line":45,"column":4},"end":{"line":45,"column":16}},"18":{"start":{"line":48,"column":20},"end":{"line":48,"column":45}},"19":{"start":{"line":49,"column":25},"end":{"line":49,"column":54}},"20":{"start":{"line":50,"column":21},"end":{"line":50,"column":54}},"21":{"start":{"line":51,"column":20},"end":{"line":51,"column":39}},"22":{"start":{"line":53,"column":24},"end":{"line":79,"column":3}},"23":{"start":{"line":54,"column":25},"end":{"line":54,"column":57}},"24":{"start":{"line":56,"column":4},"end":{"line":58,"column":5}},"25":{"start":{"line":57,"column":6},"end":{"line":57,"column":19}},"26":{"start":{"line":60,"column":15},"end":{"line":60,"column":16}},"27":{"start":{"line":61,"column":19},"end":{"line":61,"column":24}},"28":{"start":{"line":63,"column":4},"end":{"line":76,"column":5}},"29":{"start":{"line":63,"column":17},"end":{"line":63,"column":40}},"30":{"start":{"line":64,"column":19},"end":{"line":64,"column":48}},"31":{"start":{"line":66,"column":6},"end":{"line":72,"column":7}},"32":{"start":{"line":67,"column":8},"end":{"line":67,"column":28}},"33":{"start":{"line":69,"column":8},"end":{"line":71,"column":9}},"34":{"start":{"line":70,"column":10},"end":{"line":70,"column":30}},"35":{"start":{"line":74,"column":6},"end":{"line":74,"column":27}},"36":{"start":{"line":75,"column":6},"end":{"line":75,"column":27}},"37":{"start":{"line":78,"column":4},"end":{"line":78,"column":27}},"38":{"start":{"line":81,"column":34},"end":{"line":105,"column":3}},"39":{"start":{"line":82,"column":26},"end":{"line":82,"column":64}},"40":{"start":{"line":84,"column":4},"end":{"line":86,"column":5}},"41":{"start":{"line":85,"column":6},"end":{"line":85,"column":19}},"42":{"start":{"line":88,"column":24},"end":{"line":88,"column":40}},"43":{"start":{"line":89,"column":16},"end":{"line":89,"column":44}},"44":{"start":{"line":90,"column":17},"end":{"line":90,"column":52}},"45":{"start":{"line":92,"column":24},"end":{"line":92,"column":34}},"46":{"start":{"line":93,"column":22},"end":{"line":93,"column":48}},"47":{"start":{"line":94,"column":23},"end":{"line":94,"column":48}},"48":{"start":{"line":96,"column":4},"end":{"line":98,"column":5}},"49":{"start":{"line":97,"column":6},"end":{"line":97,"column":19}},"50":{"start":{"line":100,"column":4},"end":{"line":102,"column":5}},"51":{"start":{"line":101,"column":6},"end":{"line":101,"column":19}},"52":{"start":{"line":104,"column":4},"end":{"line":104,"column":16}},"53":{"start":{"line":107,"column":27},"end":{"line":109,"column":3}},"54":{"start":{"line":108,"column":4},"end":{"line":108,"column":63}},"55":{"start":{"line":111,"column":31},"end":{"line":117,"column":3}},"56":{"start":{"line":112,"column":4},"end":{"line":114,"column":5}},"57":{"start":{"line":113,"column":6},"end":{"line":113,"column":41}},"58":{"start":{"line":116,"column":4},"end":{"line":116,"column":14}},"59":{"start":{"line":119,"column":34},"end":{"line":129,"column":3}},"60":{"start":{"line":120,"column":4},"end":{"line":122,"column":5}},"61":{"start":{"line":121,"column":6},"end":{"line":121,"column":44}},"62":{"start":{"line":124,"column":4},"end":{"line":126,"column":5}},"63":{"start":{"line":125,"column":6},"end":{"line":125,"column":61}},"64":{"start":{"line":128,"column":4},"end":{"line":128,"column":14}},"65":{"start":{"line":131,"column":33},"end":{"line":141,"column":3}},"66":{"start":{"line":132,"column":4},"end":{"line":134,"column":5}},"67":{"start":{"line":133,"column":6},"end":{"line":133,"column":43}},"68":{"start":{"line":136,"column":4},"end":{"line":138,"column":5}},"69":{"start":{"line":137,"column":6},"end":{"line":137,"column":62}},"70":{"start":{"line":140,"column":4},"end":{"line":140,"column":14}},"71":{"start":{"line":143,"column":24},"end":{"line":145,"column":1}},"72":{"start":{"line":144,"column":2},"end":{"line":144,"column":29}},"73":{"start":{"line":147,"column":29},"end":{"line":171,"column":1}},"74":{"start":{"line":148,"column":23},"end":{"line":148,"column":40}},"75":{"start":{"line":150,"column":2},"end":{"line":152,"column":3}},"76":{"start":{"line":151,"column":4},"end":{"line":151,"column":17}},"77":{"start":{"line":154,"column":41},"end":{"line":154,"column":53}},"78":{"start":{"line":156,"column":2},"end":{"line":158,"column":3}},"79":{"start":{"line":157,"column":4},"end":{"line":157,"column":17}},"80":{"start":{"line":160,"column":2},"end":{"line":162,"column":3}},"81":{"start":{"line":161,"column":4},"end":{"line":161,"column":17}},"82":{"start":{"line":164,"column":24},"end":{"line":164,"column":48}},"83":{"start":{"line":166,"column":2},"end":{"line":168,"column":3}},"84":{"start":{"line":167,"column":4},"end":{"line":167,"column":17}},"85":{"start":{"line":170,"column":2},"end":{"line":170,"column":58}},"86":{"start":{"line":170,"column":40},"end":{"line":170,"column":56}},"87":{"start":{"line":173,"column":29},"end":{"line":185,"column":1}},"88":{"start":{"line":174,"column":17},"end":{"line":174,"column":43}},"89":{"start":{"line":176,"column":2},"end":{"line":178,"column":3}},"90":{"start":{"line":177,"column":4},"end":{"line":177,"column":39}},"91":{"start":{"line":180,"column":2},"end":{"line":182,"column":3}},"92":{"start":{"line":181,"column":4},"end":{"line":181,"column":51}},"93":{"start":{"line":184,"column":2},"end":{"line":184,"column":12}},"94":{"start":{"line":187,"column":30},"end":{"line":201,"column":3}},"95":{"start":{"line":188,"column":27},"end":{"line":188,"column":29}},"96":{"start":{"line":190,"column":24},"end":{"line":190,"column":46}},"97":{"start":{"line":191,"column":27},"end":{"line":191,"column":52}},"98":{"start":{"line":192,"column":26},"end":{"line":192,"column":50}},"99":{"start":{"line":193,"column":24},"end":{"line":193,"column":46}},"100":{"start":{"line":195,"column":4},"end":{"line":195,"column":57}},"101":{"start":{"line":195,"column":21},"end":{"line":195,"column":57}},"102":{"start":{"line":196,"column":4},"end":{"line":196,"column":66}},"103":{"start":{"line":196,"column":24},"end":{"line":196,"column":66}},"104":{"start":{"line":197,"column":4},"end":{"line":197,"column":63}},"105":{"start":{"line":197,"column":23},"end":{"line":197,"column":63}},"106":{"start":{"line":198,"column":4},"end":{"line":198,"column":57}},"107":{"start":{"line":198,"column":21},"end":{"line":198,"column":57}},"108":{"start":{"line":200,"column":4},"end":{"line":200,"column":26}},"109":{"start":{"line":203,"column":28},"end":{"line":215,"column":3}},"110":{"start":{"line":204,"column":26},"end":{"line":204,"column":28}},"111":{"start":{"line":206,"column":4},"end":{"line":208,"column":5}},"112":{"start":{"line":207,"column":6},"end":{"line":207,"column":72}},"113":{"start":{"line":210,"column":4},"end":{"line":212,"column":5}},"114":{"start":{"line":211,"column":6},"end":{"line":211,"column":75}},"115":{"start":{"line":214,"column":4},"end":{"line":214,"column":25}},"116":{"start":{"line":217,"column":31},"end":{"line":223,"column":3}},"117":{"start":{"line":218,"column":4},"end":{"line":220,"column":5}},"118":{"start":{"line":219,"column":6},"end":{"line":219,"column":53}},"119":{"start":{"line":222,"column":4},"end":{"line":222,"column":14}},"120":{"start":{"line":225,"column":36},"end":{"line":235,"column":3}},"121":{"start":{"line":226,"column":4},"end":{"line":228,"column":5}},"122":{"start":{"line":227,"column":6},"end":{"line":227,"column":52}},"123":{"start":{"line":230,"column":4},"end":{"line":232,"column":5}},"124":{"start":{"line":231,"column":6},"end":{"line":231,"column":50}},"125":{"start":{"line":234,"column":4},"end":{"line":234,"column":14}},"126":{"start":{"line":237,"column":35},"end":{"line":247,"column":3}},"127":{"start":{"line":238,"column":4},"end":{"line":240,"column":5}},"128":{"start":{"line":239,"column":6},"end":{"line":239,"column":55}},"129":{"start":{"line":242,"column":4},"end":{"line":244,"column":5}},"130":{"start":{"line":243,"column":6},"end":{"line":243,"column":69}},"131":{"start":{"line":246,"column":4},"end":{"line":246,"column":14}},"132":{"start":{"line":249,"column":28},"end":{"line":259,"column":3}},"133":{"start":{"line":250,"column":4},"end":{"line":252,"column":5}},"134":{"start":{"line":251,"column":6},"end":{"line":251,"column":38}},"135":{"start":{"line":254,"column":4},"end":{"line":256,"column":5}},"136":{"start":{"line":255,"column":6},"end":{"line":255,"column":48}},"137":{"start":{"line":258,"column":4},"end":{"line":258,"column":14}},"138":{"start":{"line":261,"column":30},"end":{"line":279,"column":3}},"139":{"start":{"line":262,"column":27},"end":{"line":262,"column":29}},"140":{"start":{"line":264,"column":4},"end":{"line":266,"column":5}},"141":{"start":{"line":265,"column":6},"end":{"line":265,"column":28}},"142":{"start":{"line":268,"column":31},"end":{"line":268,"column":53}},"143":{"start":{"line":269,"column":31},"end":{"line":269,"column":58}},"144":{"start":{"line":270,"column":23},"end":{"line":270,"column":49}},"145":{"start":{"line":271,"column":21},"end":{"line":271,"column":40}},"146":{"start":{"line":273,"column":4},"end":{"line":273,"column":78}},"147":{"start":{"line":273,"column":28},"end":{"line":273,"column":78}},"148":{"start":{"line":274,"column":4},"end":{"line":274,"column":78}},"149":{"start":{"line":274,"column":28},"end":{"line":274,"column":78}},"150":{"start":{"line":275,"column":4},"end":{"line":275,"column":65}},"151":{"start":{"line":275,"column":20},"end":{"line":275,"column":65}},"152":{"start":{"line":276,"column":4},"end":{"line":276,"column":48}},"153":{"start":{"line":276,"column":18},"end":{"line":276,"column":48}},"154":{"start":{"line":278,"column":4},"end":{"line":278,"column":26}},"155":{"start":{"line":281,"column":24},"end":{"line":289,"column":3}},"156":{"start":{"line":282,"column":4},"end":{"line":286,"column":5}},"157":{"start":{"line":283,"column":6},"end":{"line":285,"column":8}},"158":{"start":{"line":288,"column":4},"end":{"line":288,"column":14}},"159":{"start":{"line":291,"column":24},"end":{"line":302,"column":3}},"160":{"start":{"line":292,"column":26},"end":{"line":297,"column":5}},"161":{"start":{"line":299,"column":4},"end":{"line":299,"column":30}},"162":{"start":{"line":301,"column":4},"end":{"line":301,"column":51}},"163":{"start":{"line":304,"column":31},"end":{"line":311,"column":3}},"164":{"start":{"line":305,"column":28},"end":{"line":305,"column":41}},"165":{"start":{"line":307,"column":4},"end":{"line":310,"column":7}},"166":{"start":{"line":313,"column":31},"end":{"line":320,"column":3}},"167":{"start":{"line":314,"column":28},"end":{"line":314,"column":41}},"168":{"start":{"line":316,"column":4},"end":{"line":319,"column":7}},"169":{"start":{"line":322,"column":34},"end":{"line":326,"column":3}},"170":{"start":{"line":323,"column":4},"end":{"line":323,"column":39}},"171":{"start":{"line":324,"column":4},"end":{"line":324,"column":19}},"172":{"start":{"line":325,"column":4},"end":{"line":325,"column":24}},"173":{"start":{"line":328,"column":39},"end":{"line":336,"column":3}},"174":{"start":{"line":329,"column":4},"end":{"line":335,"column":5}},"175":{"start":{"line":330,"column":6},"end":{"line":332,"column":9}},"176":{"start":{"line":334,"column":6},"end":{"line":334,"column":78}},"177":{"start":{"line":338,"column":24},"end":{"line":396,"column":3}},"178":{"start":{"line":339,"column":4},"end":{"line":339,"column":28}},"179":{"start":{"line":3
[...]
:{"start":{"line":402,"column":4},"end":{"line":404,"column":5}},"127":{"start":{"line":403,"column":6},"end":{"line":403,"column":38}},"128":{"start":{"line":407,"column":26},"end":{"line":411,"column":3}},"129":{"start":{"line":408,"column":4},"end":{"line":410,"column":5}},"130":{"start":{"line":409,"column":6},"end":{"line":409,"column":38}},"131":{"start":{"line":413,"column":2},"end":{"line":679,"column":4}},"132":{"start":{"line":458,"column":18},"end":{"line":520,"column":24}},"133":{"start":{"line":467,"column":37},"end":{"line":467,"column":62}},"134":{"start":{"line":502,"column":37},"end":{"line":502,"column":63}},"135":{"start":{"line":509,"column":37},"end":{"line":509,"column":62}},"136":{"start":{"line":516,"column":37},"end":{"line":516,"column":66}},"137":{"start":{"line":542,"column":39},"end":{"line":542,"column":48}},"138":{"start":{"line":544,"column":18},"end":{"line":556,"column":20}},"139":{"start":{"line":552,"column":37},"end":{"line":552,"column":64}},"140":{"start":{"line":594,"column":16},"end":{"line":604,"column":25}},"141":{"start":{"line":601,"column":33},"end":{"line":601,"column":54}}},"fnMap":{"0":{"name":"(anonymous_0)","decl":{"start":{"line":117,"column":26},"end":{"line":117,"column":27}},"loc":{"start":{"line":117,"column":37},"end":{"line":122,"column":3}},"line":117},"1":{"name":"(anonymous_1)","decl":{"start":{"line":124,"column":35},"end":{"line":124,"column":36}},"loc":{"start":{"line":124,"column":53},"end":{"line":126,"column":3}},"line":124},"2":{"name":"(anonymous_2)","decl":{"start":{"line":125,"column":32},"end":{"line":125,"column":33}},"loc":{"start":{"line":125,"column":45},"end":{"line":125,"column":68}},"line":125},"3":{"name":"(anonymous_3)","decl":{"start":{"line":128,"column":32},"end":{"line":128,"column":33}},"loc":{"start":{"line":128,"column":49},"end":{"line":136,"column":3}},"line":128},"4":{"name":"(anonymous_4)","decl":{"start":{"line":131,"column":54},"end":{"line":131,"column":55}},"loc":{"start":{"line":132,"column":6},"end":{"line":132,"column":44}},"line":132},"5":{"name":"(anonymous_5)","decl":{"start":{"line":138,"column":18},"end":{"line":138,"column":19}},"loc":{"start":{"line":138,"column":24},"end":{"line":680,"column":1}},"line":138},"6":{"name":"(anonymous_6)","decl":{"start":{"line":161,"column":26},"end":{"line":161,"column":27}},"loc":{"start":{"line":161,"column":38},"end":{"line":181,"column":3}},"line":161},"7":{"name":"(anonymous_7)","decl":{"start":{"line":183,"column":12},"end":{"line":183,"column":13}},"loc":{"start":{"line":183,"column":18},"end":{"line":185,"column":3}},"line":183},"8":{"name":"(anonymous_8)","decl":{"start":{"line":187,"column":23},"end":{"line":187,"column":24}},"loc":{"start":{"line":187,"column":38},"end":{"line":189,"column":3}},"line":187},"9":{"name":"(anonymous_9)","decl":{"start":{"line":191,"column":23},"end":{"line":191,"column":24}},"loc":{"start":{"line":191,"column":29},"end":{"line":194,"column":3}},"line":191},"10":{"name":"(anonymous_10)","decl":{"start":{"line":196,"column":23},"end":{"line":196,"column":24}},"loc":{"start":{"line":196,"column":29},"end":{"line":198,"column":3}},"line":196},"11":{"name":"(anonymous_11)","decl":{"start":{"line":201,"column":27},"end":{"line":201,"column":28}},"loc":{"start":{"line":201,"column":47},"end":{"line":232,"column":1}},"line":201},"12":{"name":"(anonymous_12)","decl":{"start":{"line":234,"column":31},"end":{"line":234,"column":32}},"loc":{"start":{"line":234,"column":38},"end":{"line":241,"column":3}},"line":234},"13":{"name":"(anonymous_13)","decl":{"start":{"line":243,"column":28},"end":{"line":243,"column":29}},"loc":{"start":{"line":243,"column":34},"end":{"line":253,"column":3}},"line":243},"14":{"name":"(anonymous_14)","decl":{"start":{"line":255,"column":24},"end":{"line":255,"column":25}},"loc":{"start":{"line":255,"column":36},"end":{"line":295,"column":3}},"line":255},"15":{"name":"(anonymous_15)","decl":{"start":{"line":297,"column":26},"end":{"line":297,"column":27}},"loc":{"start":{"line":297,"column":40},"end":{"line":307,"column":3}},"line":297},"16":{"name":"(anonymous_16)","decl":{"start":{"line":309,"column":29},"end":{"line":309,"column":30}},"loc":{"start":{"line":309,"column":41},"end":{"line":344,"column":3}},"line":309},"17":{"name":"(anonymous_17)","decl":{"start":{"line":346,"column":27},"end":{"line":346,"column":28}},"loc":{"start":{"line":346,"column":41},"end":{"line":369,"column":3}},"line":346},"18":{"name":"(anonymous_18)","decl":{"start":{"line":371,"column":24},"end":{"line":371,"column":25}},"loc":{"start":{"line":371,"column":36},"end":{"line":374,"column":3}},"line":371},"19":{"name":"(anonymous_19)","decl":{"start":{"line":379,"column":25},"end":{"line":379,"column":26}},"loc":{"start":{"line":379,"column":39},"end":{"line":379,"column":77}},"line":379},"20":{"name":"(anonymous_20)","decl":{"start":{"line":392,"column":24},"end":{"line":392,"column":25}},"loc":{"start":{"line":392,"column":42},"end":{"line":399,"column":3}},"line":392},"21":{"name":"(anonymous_21)","decl":{"start":{"line":401,"column":25},"end":{"line":401,"column":26}},"loc":{"start":{"line":401,"column":31},"end":{"line":405,"column":3}},"line":401},"22":{"name":"(anonymous_22)","decl":{"start":{"line":407,"column":26},"end":{"line":407,"column":27}},"loc":{"start":{"line":407,"column":32},"end":{"line":411,"column":3}},"line":407},"23":{"name":"(anonymous_23)","decl":{"start":{"line":457,"column":37},"end":{"line":457,"column":38}},"loc":{"start":{"line":458,"column":18},"end":{"line":520,"column":24}},"line":458},"24":{"name":"(anonymous_24)","decl":{"start":{"line":467,"column":31},"end":{"line":467,"column":32}},"loc":{"start":{"line":467,"column":37},"end":{"line":467,"column":62}},"line":467},"25":{"name":"(anonymous_25)","decl":{"start":{"line":502,"column":31},"end":{"line":502,"column":32}},"loc":{"start":{"line":502,"column":37},"end":{"line":502,"column":63}},"line":502},"26":{"name":"(anonymous_26)","decl":{"start":{"line":509,"column":31},"end":{"line":509,"column":32}},"loc":{"start":{"line":509,"column":37},"end":{"line":509,"column":62}},"line":509},"27":{"name":"(anonymous_27)","decl":{"start":{"line":516,"column":31},"end":{"line":516,"column":32}},"loc":{"start":{"line":516,"column":37},"end":{"line":516,"column":66}},"line":516},"28":{"name":"(anonymous_28)","decl":{"start":{"line":541,"column":46},"end":{"line":541,"column":47}},"loc":{"start":{"line":541,"column":60},"end":{"line":557,"column":17}},"line":541},"29":{"name":"(anonymous_29)","decl":{"start":{"line":552,"column":31},"end":{"line":552,"column":32}},"loc":{"start":{"line":552,"column":37},"end":{"line":552,"column":64}},"line":552},"30":{"name":"(anonymous_30)","decl":{"start":{"line":593,"column":54},"end":{"line":593,"column":55}},"loc":{"start":{"line":594,"column":16},"end":{"line":604,"column":25}},"line":594},"31":{"name":"(anonymous_31)","decl":{"start":{"line":601,"column":27},"end":{"line":601,"column":28}},"loc":{"start":{"line":601,"column":33},"end":{"line":601,"column":54}},"line":601}},"branchMap":{"0":{"loc":{"start":{"line":128,"column":33},"end":{"line":128,"column":44}},"type":"default-arg","locations":[{"start":{"line":128,"column":42},"end":{"line":128,"column":44}}],"line":128},"1":{"loc":{"start":{"line":135,"column":11},"end":{"line":135,"column":71}},"type":"cond-expr","locations":[{"start":{"line":135,"column":29},"end":{"line":135,"column":51}},{"start":{"line":135,"column":54},"end":{"line":135,"column":71}}],"line":135},"2":{"loc":{"start":{"line":169,"column":6},"end":{"line":172,"column":7}},"type":"if","locations":[{"start":{"line":169,"column":6},"end":{"line":172,"column":7}},{"start":{},"end":{}}],"line":169},"3":{"loc":{"start":{"line":170,"column":26},"end":{"line":170,"column":78}},"type":"binary-expr","locations":[{"start":{"line":170,"column":26},"end":{"line":170,"column":36}},{"start":{"line":170,"column":40},"end":{"line":170,"column":78}}],"line":170},"4":{"loc":{"start":{"line":188,"column":25},"end":{"line":188,"column":75}},"type":"cond-expr","locations":[{"start":{"line":188,"column":59},"end":{"line":188,"column":63}},{"start":{"line":188,"column":66},"end":{"line":188,"column":75}}],"line":188},"5":{"loc":{"start":{"line":202,"column":2},"end":{"line":206,"column":3}},"type":"if","locations":[{"start":{"line":202,"column":2},"end":{"line":206,"column":3}},{"start":{},"end":{}}],"line":202},"6":{"loc":{"start":{"line":202,"column":6},"end":{"line":202,"column":23}},"type":"binary-expr","locations":[{"start":{"line":202,"column":6},"end":{"line":202,"column":11}},{"start":{"line":202,"column":15},"end":{"line":202,"column":23}}],"line":202},"7":{"loc":{"start":{"line":222,"column":4},"end":{"line":225,"column":5}},"type":"if","locations":[{"start":{"line":222,"column":4},"end":{"line":225,"column":5}},{"start":{},"end":{}}],"line":222},"8":{"loc":{"start":{"line":223,"column":12},"end":{"line":223,"column":70}},"type":"binary-expr","locations":[{"start":{"line":223,"column":12},"end":{"line":223,"column":22}},{"start":{"line":223,"column":26},"end":{"line":223,"column":70}}],"line":223},"9":{"loc":{"start":{"line":227,"column":10},"end":{"line":227,"column":57}},"type":"binary-expr","locations":[{"start":{"line":227,"column":10},"end":{"line":227,"column":22}},{"start":{"line":227,"column":26},"end":{"line":227,"column":57}}],"line":227},"10":{"loc":{"start":{"line":256,"column":4},"end":{"line":264,"column":5}},"type":"if","locations":[{"start":{"line":256,"column":4},"end":{"line":264,"column":5}},{"start":{},"end":{}}],"line":256},"11":{"loc":{"start":{"line":257,"column":6},"end":{"line":260,"column":41}},"type":"binary-expr","locations":[{"start":{"line":257,"column":6},"end":{"line":257,"column":39}},{"start":{"line":258,"column":6},"end":{"line":258,"column":44}},{"start":{"line":259,"column":6},"end":{"line":259,"column":32}},{"start":{"line":260,"column":6},"end":{"line":260,"column":41}}],"line":257},"12":{"loc":{"start":{"line":283,"column":6},"end":{"line":286,"column":7}},"type":"if","locations":[{"start":{"line":283,"column":6},"end":{"line":286,"column":7}},{"start":{},"end":{}}],"line":283},"13":{"loc":{"start":{"line":284,"column":14},"end":{"line":284,"column":59}},"type":"binary-expr","locations":[{"start":{"line":284,"column":14},"end":{"line":284,"column":24}},{"start":{"line":284,"column":28},"end":{"line":284,"column":59}}],"line":284},"14":{"loc":{"start":{"line":305,"column":14},"end":{"line":305,"column":45}},"type":"binary-expr","locations":[{"start":{"line":305,"column":14},"end":{"line":305,"column":29}},{"start":{"line":305,"column":33},"end":{"line":305,"column":45}}],"line":305},"15":{"loc":{"start":{"line":310,"column":4},"end":{"line":313,"column":5}},"type":"if","locations":[{"start":{"line":310,"column":4},"end":{"line":313,"column":5}},{"start":{},"end":{}}],"line":310},"16":{"loc":{"start":{"line":332,"column":6},"end":{"line":335,"column":7}},"type":"if","locations":[{"start":{"line":332,"column":6},"end":{"line":335,"column":7}},{"start":{},"end":{}}],"line":332},"17":{"loc":{"start":{"line":333,"column":14},"end":{"line":333,"column":64}},"type":"binary-expr","locations":[{"start":{"line":333,"column":14},"end":{"line":333,"column":24}},{"start":{"line":333,"column":28},"end":{"line":333,"column":64}}],"line":333},"18":{"loc":{"start":{"line":349,"column":4},"end":{"line":349,"column":27}},"type":"if","locations":[{"start":{"line":349,"column":4},"end":{"line":349,"column":27}},{"start":{},"end":{}}],"line":349},"19":{"loc":{"start":{"line":358,"column":6},"end":{"line":361,"column":7}},"type":"if","locations":[{"start":{"line":358,"column":6},"end":{"line":361,"column":7}},{"start":{},"end":{}}],"line":358},"20":{"loc":{"start":{"line":359,"column":14},"end":{"line":359,"column":62}},"type":"binary-expr","locations":[{"start":{"line":359,"column":14},"end":{"line":359,"column":24}},{"start":{"line":359,"column":28},"end":{"line":359,"column":62}}],"line":359},"21":{"loc":{"start":{"line":377,"column":4},"end":{"line":379,"column":78}},"type":"cond-expr","locations":[{"start":{"line":378,"column":8},"end":{"line":378,"column":17}},{"start":{"line":379,"column":8},"end":{"line":379,"column":78}}],"line":377},"22":{"loc":{"start":{"line":402,"column":4},"end":{"line":404,"column":5}},"type":"if","locations":[{"start":{"line":402,"column":4},"end":{"line":404,"column":5}},{"start":{},"end":{}}],"line":402},"23":{"loc":{"start":{"line":408,"column":4},"end":{"line":410,"column":5}},"type":"if","locations":[{"start":{"line":408,"column":4},"end":{"line":410,"column":5}},{"start":{},"end":{}}],"line":408},"24":{"loc":{"start":{"line":431,"column":15},"end":{"line":435,"column":20}},"type":"cond-expr","locations":[{"start":{"line":432,"column":18},"end":{"line":432,"column":36}},{"start":{"line":433,"column":18},"end":{"line":435,"column":20}}],"line":431},"25":{"loc":{"start":{"line":433,"column":18},"end":{"line":435,"column":20}},"type":"cond-expr","locations":[{"start":{"line":434,"column":18},"end":{"line":434,"column":34}},{"start":{"line":435,"column":18},"end":{"line":435,"column":20}}],"line":433},"26":{"loc":{"start":{"line":446,"column":15},"end":{"line":446,"column":75}},"type":"binary-expr","locations":[{"start":{"line":446,"column":15},"end":{"line":446,"column":45}},{"start":{"line":446,"column":49},"end":{"line":446,"column":75}}],"line":446},"27":{"loc":{"start":{"line":449,"column":13},"end":{"line":449,"column":53}},"type":"binary-expr","locations":[{"start":{"line":449,"column":13},"end":{"line":449,"column":21}},{"start":{"line":449,"column":25},"end":{"line":449,"column":53}}],"line":449},"28":{"loc":{"start":{"line":451,"column":13},"end":{"line":453,"column":13}},"type":"binary-expr","locations":[{"start":{"line":451,"column":13},"end":{"line":451,"column":27}},{"start":{"line":452,"column":14},"end":{"line":452,"column":71}}],"line":451},"29":{"loc":{"start":{"line":455,"column":13},"end":{"line":523,"column":13}},"type":"binary-expr","locations":[{"start":{"line":455,"column":13},"end":{"line":455,"column":22}},{"start":{"line":455,"column":26},"end":{"line":455,"column":41}},{"start":{"line":456,"column":14},"end":{"line":522,"column":20}}],"line":455},"30":{"loc":{"start":{"line":462,"column":25},"end":{"line":462,"column":56}},"type":"binary-expr","locations":[{"start":{"line":462,"column":25},"end":{"line":462,"column":40}},{"start":{"line":462,"column":44},"end":{"line":462,"column":56}}],"line":462},"31":{"loc":{"start":{"line":470,"column":23},"end":{"line":470,"column":82}},"type":"cond-expr","locations":[{"start":{"line":470,"column":59},"end":{"line":470,"column":70}},{"start":{"line":470,"column":73},"end":{"line":470,"column":82}}],"line":470},"32":{"loc":{"start":{"line":473,"column":21},"end":{"line":498,"column":21}},"type":"binary-expr","locations":[{"start":{"line":473,"column":21},"end":{"line":473,"column":54}},{"start":{"line":474,"column":22},"end":{"line":497,"column":28}}],"line":473},"33":{"loc":{"start":{"line":525,"column":13},"end":{"line":529,"column":13}},"type":"binary-expr","locations":[{"start":{"line":525,"column":13},"end":{"line":525,"column":22}},{"start":{"line":525,"column":26},"end":{"line":525,"column":57}},{"start":{"line":526,"column":14},"end":{"line":528,"column":18}}],"line":525},"34":{"loc":{"start":{"line":531,"column":13},"end":{"line":567,"column":13}},"type":"binary-expr","locations":[{"start":{"line":531,"column":13},"end":{"line":531,"column":29}},{"start":{"line":532,"column":14},"end":{"line":566,"column":20}}],"line":531},"35":{"loc":{"start":{"line":548,"column":24},"end":{"line":550,"column":43}},"type":"cond-expr","locations":[{"start":{"line":549,"column":28},"end":{"line":549,"column":50}},{"start":{"line":550,"column":28},"end":{"line":550,"column":43}}],"line":548},"36":{"loc":{"start":{"line":578,"column":15},"end":{"line":578,"column":54}},"type":"binary-expr","locations":[{"start":{"line":578,"column":15},"end":{"line":578,"column":27}},{"start":{"line":578,"column":31},"end":{"line":578,"column":41}},{"start":{"line":578,"column":45},"end":{"line":578,"column":54}}],"line":578},"37":{"loc":{"start":{"line":597,"column":20},"end":{"line":599,"column":41}},"type":"cond-expr","locations":[{"start":{"line":598,"column":24},"end":{"line":598,"column":48}},{"start":{"line":599,"column":24},"end":{"line":599,"column":41}}],"line":597},"38":{"loc":{"start":{"line":610,"column":17},"end":{"line":610,"column":72}},"type":"cond-expr","locations":[{"start":{"line":610,"column":36},"end":{"line":610,"column":53}},{"start":{"line":610,"column":56},"end":{"line":610,"column":72}}],"line":610},"39":{"loc":{"start":{"line":659,"column":9},"end":{"line":673,"column":9}},"type":"cond-expr","locations":[{"start":{"line":660,"column":10},"end":{"line":668,"column":13}},{"start":{"line":670,"column":10},"end":{"line":672,"column":19}}],"line":659}},"s":{"0":1,"1":1,"2":1,"3":1,"4":1,"5":2,"6":3,"7":1,"8":1,"9":1,"10":2,"11":1,"12":1,"13":198,"14":198,"15":198,"16":198,"17":198,"18":198,"19":198,"20":198,"21":198,"22":198,"23":198,"24":27,"25":27,"26":27,"27":27,"28":26,"29":26,"30":0,"31":0,"32":26,"33":1,"34":1,"35":27,"36":198,"37":24,"38":198,"39":2,"40":198,"41":1,"42":1,"43":198,"44":1,"45":198,"46":4,"47":1,"48":1,"49":1,"50":3,"51":3,"52":2,"53":2,"54":1,"55":1,"56":1,"57":1,"58":1,"59":198,"60":136,"61":136,"62":198,"63":3,"64":3,"65":198,"66":4,"67":1,"68":1,"69":3,"70":3,"71":2,"72":2,"73":1,"74":1,"75":1,"76":1,"77":1,"78":1,"79":1,"80":198,"81":4,"82":4,"83":198,"84":3,"85":0,"86":0,"87":3,"88":3,"89":2,"90":2,"91":1,"92":1,"93":1,"94":1,"95":1,"96":1,"97":1,"98":198,"99":4,"100":4,"101":1,"102":3,"103":3,"104":2,"105":2,"106":1,"107":1,"108":1,"109":1,"110":1,"111":1,"112":198,"113":4,"114":4,"115":198,"116":6,"117":198,"118":198,"119":198,"120":198,"121":198,"122":198,"123":0,"124":0,"125":198,"126":0,"127":0,"128":198,"129":0,"130":0,"131":198,"132":344,"133":2,"134":4,"135":4,"136":4,"137":0,"138":0,"139":0,"140":594,"141":4},"f":{"0":1,"1":2,"2":3,"3":1,"4":2,"5":198,"6":27,"7":24,"8":2,"9":1,"10":1,"11":4,"12":136,"13":3,"14":4,"15":4,"16":3,"17":4,"18":4,"19":6,"20":0,"21":0,"22":0,"23":344,"24":2,"25":4,"26":4,"27":4,"28":0,"29":0,"30":594,"31":4},"b":{"0":[0],"1":[1,0],"2":[0,26],"3":[0,0],"4":[1,1],"5":[1,3],"6":[4,3],"7":[1,1],"8":[1,0],"9":[1,0],"10":[1,3],"11":[4,3,3,3],"12":[1,1],"13":[1,0],"14":[4,0],"15":[0,3],"16":[1,1],"17":[1,0],"18":[1,3],"19":[1,1],"20":[1,0],"21":[195,3],"22":[0,0],"23":[0,0],"24":[196,2],"25":[0,2],"26":[198,3],"27":[198,24],"28":[198,1],"29":[198,174,173],"30":[344,0],"31":[1,343],"32":[344,1],"33":[198,174,1],"34":[198,0],"35":[0,0],"36":[198,2,2],"37":[198,396],"38":[22,176],"39":[22,176]},"_coverageSchema":"1a1c01bbd47fc00a2c39e90264f33305004495a9","hash":"d38efb53d4f152589955fd2cc9275e267c05fcf7"}
,"C:\\Users\\ADMIN\\Desktop\\Universidad\\Sexto Semestre\\Ingesoft2\\Primera Entrega Proyecto\\src\\Rutas\\PrivateRoute.jsx": {"path":"C:\\Users\\ADMIN\\Desktop\\Universidad\\Sexto Semestre\\Ingesoft2\\Primera Entrega Proyecto\\src\\Rutas\\PrivateRoute.jsx","statementMap":{"0":{"start":{"line":5,"column":28},"end":{"line":9,"column":1}},"1":{"start":{"line":6,"column":19},"end":{"line":6,"column":42}},"2":{"start":{"line":8,"column":2},"end":{"line":8,"column":52}}},"fnMap":{"0":{"name":"(anonymous_0)","decl":{"start":{"line":5,"column":28},"end":{"line":5,"column":29}},"loc":{"start":{"line":5,"column":46},"end":{"line":9,"column":1}},"line":5}},"branchMap":{"0":{"loc":{"start":{"line":8,"column":9},"end":{"line":8,"column":51}},"type":"cond-expr","locations":[{"start":{"line":8,"column":16},"end":{"line":8,"column":24}},{"start":{"line":8,"column":27},"end":{"line":8,"column":51}}],"line":8}},"s":{"0":1,"1":2,"2":2},"f":{"0":2},"b":{"0":[1,1]},"_coverageSchema":"1a1c01bbd47fc00a2c39e90264f33305004495a9","hash":"63aa9ffbeb5b41b5fd6f1a9556f520d1c4ce2a5f"}
}
