TN:
SF:Backend\server.js
FN:15,(anonymous_0)
FN:38,(anonymous_1)
FN:49,(anonymous_2)
FN:62,(anonymous_3)
FN:77,(anonymous_4)
FN:112,(anonymous_5)
FN:139,(anonymous_6)
FN:153,(anonymous_7)
FN:169,(anonymous_8)
FN:181,(anonymous_9)
FN:198,(anonymous_10)
FN:229,(anonymous_11)
FN:260,(anonymous_12)
FN:282,(anonymous_13)
FN:287,(anonymous_14)
FN:304,(anonymous_15)
FN:345,(anonymous_16)
FN:419,(anonymous_17)
FN:465,(anonymous_18)
FN:494,(anonymous_19)
FN:533,(anonymous_20)
FN:561,(anonymous_21)
FN:588,(anonymous_22)
FN:594,(anonymous_23)
FN:598,(anonymous_24)
FN:602,(anonymous_25)
FN:608,(anonymous_26)
FN:628,(anonymous_27)
FN:646,(anonymous_28)
FN:651,(anonymous_29)
FN:671,(anonymous_30)
FN:683,(anonymous_31)
FN:698,(anonymous_32)
FN:699,(anonymous_33)
FN:704,(anonymous_34)
FN:719,(anonymous_35)
FN:741,(anonymous_36)
FN:751,(anonymous_37)
FN:809,(anonymous_38)
FN:830,(anonymous_39)
FNF:40
FNH:40
FNDA:53,(anonymous_0)
FNDA:2,(anonymous_1)
FNDA:2,(anonymous_2)
FNDA:2,(anonymous_3)
FNDA:3,(anonymous_4)
FNDA:3,(anonymous_5)
FNDA:2,(anonymous_6)
FNDA:1,(anonymous_7)
FNDA:1,(anonymous_8)
FNDA:2,(anonymous_9)
FNDA:2,(anonymous_10)
FNDA:2,(anonymous_11)
FNDA:2,(anonymous_12)
FNDA:5,(anonymous_13)
FNDA:3,(anonymous_14)
FNDA:2,(anonymous_15)
FNDA:4,(anonymous_16)
FNDA:3,(anonymous_17)
FNDA:2,(anonymous_18)
FNDA:2,(anonymous_19)
FNDA:4,(anonymous_20)
FNDA:3,(anonymous_21)
FNDA:10,(anonymous_22)
FNDA:9,(anonymous_23)
FNDA:10,(anonymous_24)
FNDA:13,(anonymous_25)
FNDA:12,(anonymous_26)
FNDA:12,(anonymous_27)
FNDA:1,(anonymous_28)
FNDA:5,(anonymous_29)
FNDA:9,(anonymous_30)
FNDA:5,(anonymous_31)
FNDA:5,(anonymous_32)
FNDA:5,(anonymous_33)
FNDA:3,(anonymous_34)
FNDA:3,(anonymous_35)
FNDA:2,(anonymous_36)
FNDA:13,(anonymous_37)
FNDA:2,(anonymous_38)
FNDA:1,(anonymous_39)
DA:1,1
DA:2,1
DA:3,1
DA:4,1
DA:6,1
DA:8,1
DA:10,1
DA:12,1
DA:14,1
DA:16,53
DA:21,53
DA:22,53
DA:25,0
DA:32,1
DA:33,1
DA:38,1
DA:39,2
DA:40,2
DA:41,1
DA:43,1
DA:44,1
DA:49,1
DA:50,2
DA:51,2
DA:52,2
DA:53,1
DA:55,1
DA:57,0
DA:62,1
DA:63,2
DA:64,2
DA:67,2
DA:68,1
DA:70,1
DA:72,0
DA:77,1
DA:78,3
DA:79,3
DA:81,3
DA:82,1
DA:85,2
DA:89,2
DA:90,1
DA:93,1
DA:99,1
DA:101,1
DA:107,0
DA:108,0
DA:112,1
DA:113,3
DA:114,3
DA:116,3
DA:120,3
DA:121,1
DA:125,2
DA:126,1
DA:130,1
DA:131,1
DA:133,0
DA:134,0
DA:139,1
DA:140,2
DA:141,2
DA:142,2
DA:143,1
DA:145,1
DA:146,1
DA:148,0
DA:153,1
DA:154,1
DA:155,1
DA:156,1
DA:157,0
DA:159,1
DA:160,1
DA:162,0
DA:169,1
DA:170,1
DA:171,1
DA:172,1
DA:174,0
DA:175,0
DA:181,1
DA:182,2
DA:183,2
DA:185,2
DA:186,1
DA:189,1
DA:191,0
DA:192,0
DA:198,1
DA:199,2
DA:200,2
DA:202,2
DA:203,1
DA:208,1
DA:216,1
DA:222,0
DA:223,0
DA:229,1
DA:230,2
DA:231,2
DA:233,2
DA:234,1
DA:237,1
DA:239,1
DA:247,1
DA:253,0
DA:254,0
DA:260,1
DA:261,2
DA:262,2
DA:264,2
DA:265,1
DA:268,1
DA:270,1
DA:275,0
DA:276,0
DA:282,1
DA:283,5
DA:287,5
DA:288,3
DA:291,5
DA:293,5
DA:294,5
DA:299,5
DA:304,1
DA:305,2
DA:306,2
DA:308,2
DA:325,2
DA:326,1
DA:335,1
DA:338,0
DA:339,0
DA:345,1
DA:346,4
DA:347,4
DA:349,4
DA:350,1
DA:355,3
DA:357,3
DA:358,1
DA:363,2
DA:370,2
DA:371,1
DA:378,2
DA:385,2
DA:387,2
DA:388,1
DA:390,1
DA:395,1
DA:404,2
DA:406,2
DA:412,0
DA:413,0
DA:419,1
DA:420,3
DA:421,3
DA:422,3
DA:424,3
DA:426,3
DA:427,1
DA:432,2
DA:433,1
DA:435,1
DA:436,1
DA:438,1
DA:443,1
DA:445,1
DA:450,1
DA:452,1
DA:458,0
DA:459,0
DA:465,1
DA:466,2
DA:467,2
DA:469,2
DA:471,2
DA:472,1
DA:477,1
DA:479,1
DA:480,1
DA:482,1
DA:487,0
DA:488,0
DA:494,1
DA:495,2
DA:496,2
DA:498,2
DA:505,2
DA:506,1
DA:511,1
DA:517,1
DA:521,1
DA:526,0
DA:527,0
DA:533,1
DA:534,4
DA:536,4
DA:537,0
DA:540,4
DA:541,4
DA:543,4
DA:544,64
DA:546,64
DA:547,32
DA:549,32
DA:550,4
DA:554,64
DA:555,64
DA:558,4
DA:561,1
DA:562,3
DA:564,3
DA:565,0
DA:568,3
DA:569,3
DA:570,3
DA:572,3
DA:573,3
DA:574,3
DA:576,3
DA:577,1
DA:580,2
DA:581,0
DA:584,2
DA:589,10
DA:590,10
DA:594,1
DA:595,9
DA:598,1
DA:599,10
DA:602,1
DA:603,13
DA:604,1
DA:608,1
DA:609,12
DA:628,1
DA:629,12
DA:630,1
DA:633,11
DA:634,1
DA:637,10
DA:639,10
DA:640,1
DA:643,9
DA:646,1
DA:647,1
DA:648,1
DA:651,1
DA:652,5
DA:653,1
DA:656,4
DA:657,1
DA:660,3
DA:661,1
DA:664,2
DA:665,1
DA:668,1
DA:671,1
DA:672,9
DA:673,4
DA:676,5
DA:683,1
DA:684,5
DA:686,5
DA:687,1
DA:690,4
DA:691,1
DA:698,1
DA:699,5
DA:700,5
DA:704,1
DA:705,3
DA:706,3
DA:707,3
DA:709,3
DA:719,1
DA:727,3
DA:741,1
DA:742,2
DA:751,1
DA:752,13
DA:754,13
DA:761,13
DA:763,13
DA:765,12
DA:766,12
DA:768,9
DA:775,5
DA:777,3
DA:779,3
DA:788,2
DA:790,2
DA:792,2
DA:797,11
DA:799,11
DA:801,11
DA:809,1
DA:810,2
DA:811,2
DA:813,2
DA:820,1
DA:823,1
DA:824,1
DA:830,1
DA:831,1
DA:849,1
LF:309
LH:276
BRDA:12,0,0,1
BRDA:12,0,1,1
BRDA:21,1,0,53
BRDA:21,1,1,0
BRDA:21,2,0,53
BRDA:21,2,1,0
BRDA:52,3,0,1
BRDA:52,3,1,1
BRDA:67,4,0,1
BRDA:67,4,1,1
BRDA:81,5,0,1
BRDA:81,5,1,2
BRDA:81,6,0,3
BRDA:81,6,1,2
BRDA:81,6,2,2
BRDA:89,7,0,1
BRDA:89,7,1,1
BRDA:120,8,0,1
BRDA:120,8,1,2
BRDA:125,9,0,1
BRDA:125,9,1,1
BRDA:142,10,0,1
BRDA:142,10,1,1
BRDA:156,11,0,0
BRDA:156,11,1,1
BRDA:185,12,0,1
BRDA:185,12,1,1
BRDA:202,13,0,1
BRDA:202,13,1,1
BRDA:202,14,0,2
BRDA:202,14,1,1
BRDA:202,14,2,1
BRDA:202,14,3,1
BRDA:213,15,0,1
BRDA:213,15,1,0
BRDA:233,16,0,1
BRDA:233,16,1,1
BRDA:240,17,0,1
BRDA:240,17,1,0
BRDA:241,18,0,1
BRDA:241,18,1,0
BRDA:242,19,0,1
BRDA:242,19,1,0
BRDA:243,20,0,1
BRDA:243,20,1,0
BRDA:244,21,0,1
BRDA:244,21,1,0
BRDA:264,22,0,1
BRDA:264,22,1,1
BRDA:293,23,0,5
BRDA:293,23,1,0
BRDA:325,24,0,1
BRDA:325,24,1,1
BRDA:349,25,0,1
BRDA:349,25,1,3
BRDA:349,26,0,4
BRDA:349,26,1,3
BRDA:357,27,0,1
BRDA:357,27,1,2
BRDA:370,28,0,1
BRDA:370,28,1,1
BRDA:387,29,0,1
BRDA:387,29,1,1
BRDA:426,30,0,1
BRDA:426,30,1,2
BRDA:432,31,0,1
BRDA:432,31,1,1
BRDA:471,32,0,1
BRDA:471,32,1,1
BRDA:505,33,0,1
BRDA:505,33,1,1
BRDA:536,34,0,0
BRDA:536,34,1,4
BRDA:536,35,0,4
BRDA:536,35,1,4
BRDA:546,36,0,32
BRDA:546,36,1,32
BRDA:549,37,0,4
BRDA:549,37,1,28
BRDA:564,38,0,0
BRDA:564,38,1,3
BRDA:576,39,0,1
BRDA:576,39,1,2
BRDA:580,40,0,0
BRDA:580,40,1,2
BRDA:580,41,0,2
BRDA:580,41,1,0
BRDA:595,42,0,9
BRDA:595,42,1,4
BRDA:603,43,0,1
BRDA:603,43,1,12
BRDA:603,44,0,13
BRDA:603,44,1,13
BRDA:603,44,2,12
BRDA:629,45,0,1
BRDA:629,45,1,11
BRDA:633,46,0,1
BRDA:633,46,1,10
BRDA:633,47,0,11
BRDA:633,47,1,11
BRDA:639,48,0,1
BRDA:639,48,1,9
BRDA:652,49,0,1
BRDA:652,49,1,4
BRDA:652,50,0,5
BRDA:652,50,1,4
BRDA:652,50,2,4
BRDA:656,51,0,1
BRDA:656,51,1,3
BRDA:660,52,0,1
BRDA:660,52,1,2
BRDA:664,53,0,1
BRDA:664,53,1,1
BRDA:672,54,0,4
BRDA:672,54,1,5
BRDA:686,55,0,1
BRDA:686,55,1,4
BRDA:690,56,0,1
BRDA:690,56,1,3
BRDA:712,57,0,0
BRDA:712,57,1,3
BRDA:801,58,0,11
BRDA:801,58,1,1
BRF:123
BRH:108
end_of_record
TN:
SF:src\Context\MyContext.jsx
FN:6,AuthProvider
FNF:1
FNH:1
FNDA:6,AuthProvider
DA:4,6
DA:7,6
DA:9,6
LF:3
LH:3
BRF:0
BRH:0
end_of_record
TN:
SF:src\Hooks\useAuth.jsx
FN:3,useAuth
FN:6,(anonymous_1)
FN:14,(anonymous_2)
FN:19,(anonymous_3)
FNF:4
FNH:4
FNDA:14,useAuth
FNDA:7,(anonymous_1)
FNDA:4,(anonymous_2)
FNDA:2,(anonymous_3)
DA:4,14
DA:6,14
DA:7,7
DA:9,7
DA:10,1
DA:14,14
DA:15,4
DA:16,4
DA:19,14
DA:20,2
DA:21,2
DA:24,14
LF:12
LH:12
BRDA:9,0,0,1
BRDA:9,0,1,6
BRF:2
BRH:2
end_of_record
TN:
SF:src\Paginas\CarritoCompras.jsx
FN:6,(anonymous_0)
FN:14,(anonymous_1)
FN:42,(anonymous_2)
FN:46,(anonymous_3)
FN:72,(anonymous_4)
FN:76,(anonymous_5)
FN:80,(anonymous_6)
FN:100,(anonymous_7)
FN:126,(anonymous_8)
FN:130,(anonymous_9)
FN:136,(anonymous_10)
FN:184,(anonymous_11)
FN:209,(anonymous_12)
FN:216,(anonymous_13)
FN:224,(anonymous_14)
FNF:15
FNH:14
FNDA:33,(anonymous_0)
FNDA:19,(anonymous_1)
FNDA:15,(anonymous_2)
FNDA:3,(anonymous_3)
FNDA:2,(anonymous_4)
FNDA:1,(anonymous_5)
FNDA:2,(anonymous_6)
FNDA:3,(anonymous_7)
FNDA:0,(anonymous_8)
FNDA:12,(anonymous_9)
FNDA:2,(anonymous_10)
FNDA:12,(anonymous_11)
FNDA:1,(anonymous_12)
FNDA:2,(anonymous_13)
FNDA:2,(anonymous_14)
DA:6,1
DA:7,33
DA:8,33
DA:10,33
DA:11,33
DA:12,33
DA:14,33
DA:15,19
DA:16,1
DA:17,1
DA:18,1
DA:21,18
DA:22,18
DA:24,18
DA:25,17
DA:27,17
DA:28,1
DA:29,1
DA:32,16
DA:33,16
DA:35,1
DA:36,1
DA:38,18
DA:42,33
DA:43,15
DA:46,33
DA:47,3
DA:48,3
DA:58,3
DA:60,3
DA:61,1
DA:62,1
DA:65,2
DA:67,0
DA:68,0
DA:72,33
DA:73,2
DA:76,33
DA:77,1
DA:80,33
DA:81,2
DA:82,2
DA:86,2
DA:88,2
DA:89,1
DA:90,1
DA:93,1
DA:95,0
DA:96,0
DA:100,33
DA:101,3
DA:103,3
DA:105,3
DA:107,2
DA:108,2
DA:112,2
DA:114,2
DA:115,1
DA:116,1
DA:119,1
DA:121,0
DA:122,0
DA:126,33
DA:127,0
DA:130,33
DA:131,12
DA:134,33
DA:136,33
DA:137,2
DA:138,1
DA:139,1
DA:142,1
DA:143,0
DA:144,0
DA:147,1
DA:158,33
DA:185,12
DA:209,1
DA:216,2
DA:224,2
LF:80
LH:71
BRDA:15,0,0,1
BRDA:15,0,1,18
BRDA:15,1,0,19
BRDA:15,1,1,18
BRDA:27,2,0,1
BRDA:27,2,1,16
BRDA:28,3,0,1
BRDA:28,3,1,0
BRDA:33,4,0,16
BRDA:33,4,1,0
BRDA:60,5,0,1
BRDA:60,5,1,2
BRDA:61,6,0,1
BRDA:61,6,1,0
BRDA:88,7,0,1
BRDA:88,7,1,1
BRDA:89,8,0,1
BRDA:89,8,1,0
BRDA:101,9,0,0
BRDA:101,9,1,3
BRDA:101,10,0,3
BRDA:101,10,1,3
BRDA:105,11,0,1
BRDA:105,11,1,2
BRDA:114,12,0,1
BRDA:114,12,1,1
BRDA:115,13,0,1
BRDA:115,13,1,0
BRDA:134,14,0,33
BRDA:134,14,1,21
BRDA:137,15,0,1
BRDA:137,15,1,1
BRDA:142,16,0,0
BRDA:142,16,1,1
BRDA:176,17,0,15
BRDA:176,17,1,18
BRDA:178,18,0,6
BRDA:178,18,1,12
BRF:38
BRH:31
end_of_record
TN:
SF:src\Paginas\Login.jsx
FN:7,Login
FN:13,(anonymous_1)
FN:73,(anonymous_2)
FN:82,(anonymous_3)
FNF:4
FNH:4
FNDA:131,Login
FNDA:7,(anonymous_1)
FNDA:96,(anonymous_2)
FNDA:26,(anonymous_3)
DA:8,131
DA:9,131
DA:10,131
DA:11,131
DA:13,131
DA:14,7
DA:15,2
DA:16,2
DA:19,5
DA:20,5
DA:31,4
DA:33,4
DA:34,2
DA:35,2
DA:45,2
DA:47,2
DA:48,2
DA:51,1
DA:52,1
DA:56,131
DA:73,96
DA:82,26
LF:22
LH:22
BRDA:14,0,0,2
BRDA:14,0,1,5
BRDA:14,1,0,7
BRDA:14,1,1,6
BRDA:33,2,0,2
BRDA:33,2,1,2
BRDA:34,3,0,2
BRDA:34,3,1,1
BRDA:45,4,0,2
BRDA:45,4,1,1
BRF:10
BRH:10
end_of_record
TN:
SF:src\Paginas\PasarelaPagos.jsx
FN:6,(anonymous_0)
FN:37,(anonymous_1)
FN:53,(anonymous_2)
FN:81,(anonymous_3)
FN:107,(anonymous_4)
FN:111,(anonymous_5)
FN:119,(anonymous_6)
FN:131,(anonymous_7)
FN:143,(anonymous_8)
FN:147,(anonymous_9)
FN:170,(anonymous_10)
FN:173,(anonymous_11)
FN:187,(anonymous_12)
FN:203,(anonymous_13)
FN:217,(anonymous_14)
FN:225,(anonymous_15)
FN:237,(anonymous_16)
FN:249,(anonymous_17)
FN:261,(anonymous_18)
FN:281,(anonymous_19)
FN:291,(anonymous_20)
FN:304,(anonymous_21)
FN:313,(anonymous_22)
FN:322,(anonymous_23)
FN:328,(anonymous_24)
FN:338,(anonymous_25)
FN:398,(anonymous_26)
FN:402,(anonymous_27)
FN:531,(anonymous_28)
FN:674,(anonymous_29)
FNF:30
FNH:27
FNDA:596,(anonymous_0)
FNDA:11,(anonymous_1)
FNDA:6,(anonymous_2)
FNDA:6,(anonymous_3)
FNDA:8,(anonymous_4)
FNDA:8,(anonymous_5)
FNDA:8,(anonymous_6)
FNDA:8,(anonymous_7)
FNDA:14,(anonymous_8)
FNDA:7,(anonymous_9)
FNDA:14,(anonymous_10)
FNDA:8,(anonymous_11)
FNDA:8,(anonymous_12)
FNDA:8,(anonymous_13)
FNDA:6,(anonymous_14)
FNDA:6,(anonymous_15)
FNDA:6,(anonymous_16)
FNDA:6,(anonymous_17)
FNDA:8,(anonymous_18)
FNDA:8,(anonymous_19)
FNDA:8,(anonymous_20)
FNDA:343,(anonymous_21)
FNDA:220,(anonymous_22)
FNDA:8,(anonymous_23)
FNDA:0,(anonymous_24)
FNDA:8,(anonymous_25)
FNDA:0,(anonymous_26)
FNDA:0,(anonymous_27)
FNDA:1,(anonymous_28)
FNDA:595,(anonymous_29)
DA:6,1
DA:7,596
DA:8,596
DA:9,596
DA:11,596
DA:13,596
DA:14,596
DA:15,596
DA:16,596
DA:18,596
DA:25,596
DA:29,596
DA:37,596
DA:38,11
DA:39,1
DA:40,1
DA:44,596
DA:45,1
DA:48,595
DA:49,595
DA:50,595
DA:51,595
DA:53,595
DA:54,6
DA:56,6
DA:57,0
DA:60,6
DA:61,6
DA:63,6
DA:64,96
DA:66,96
DA:67,48
DA:69,48
DA:70,4
DA:74,96
DA:75,96
DA:78,6
DA:81,595
DA:82,6
DA:84,6
DA:85,0
DA:88,6
DA:89,6
DA:90,6
DA:92,6
DA:93,6
DA:94,6
DA:96,6
DA:97,0
DA:100,6
DA:101,0
DA:104,6
DA:107,595
DA:108,8
DA:111,595
DA:112,8
DA:113,0
DA:116,8
DA:119,595
DA:120,8
DA:121,1
DA:124,7
DA:125,0
DA:128,7
DA:131,595
DA:132,8
DA:133,1
DA:136,7
DA:137,0
DA:140,7
DA:143,595
DA:144,14
DA:147,595
DA:148,7
DA:150,7
DA:151,0
DA:154,7
DA:156,7
DA:157,0
DA:160,7
DA:161,0
DA:164,7
DA:166,7
DA:167,0
DA:170,14
DA:173,595
DA:174,8
DA:176,8
DA:177,1
DA:180,7
DA:181,0
DA:184,7
DA:187,595
DA:188,8
DA:190,8
DA:191,8
DA:192,8
DA:193,8
DA:195,8
DA:196,8
DA:197,8
DA:198,8
DA:200,8
DA:203,595
DA:204,8
DA:206,8
DA:207,1
DA:210,8
DA:211,0
DA:214,8
DA:217,595
DA:218,6
DA:219,0
DA:222,6
DA:225,595
DA:226,6
DA:227,0
DA:230,6
DA:231,1
DA:234,5
DA:237,595
DA:238,6
DA:239,0
DA:242,6
DA:243,0
DA:246,6
DA:249,595
DA:250,6
DA:251,0
DA:254,6
DA:255,0
DA:258,6
DA:261,595
DA:262,8
DA:264,8
DA:265,2
DA:268,6
DA:269,6
DA:270,6
DA:271,6
DA:273,6
DA:274,6
DA:275,6
DA:276,6
DA:278,6
DA:281,595
DA:282,8
DA:283,1
DA:288,7
DA:291,595
DA:292,8
DA:299,8
DA:301,8
DA:304,595
DA:305,343
DA:307,343
DA:313,595
DA:314,220
DA:316,220
DA:322,595
DA:323,8
DA:324,8
DA:325,8
DA:328,595
DA:329,0
DA:330,0
DA:334,0
DA:338,595
DA:339,8
DA:340,8
DA:342,8
DA:344,8
DA:345,3
DA:348,5
DA:350,5
DA:351,5
DA:372,5
DA:380,4
DA:382,4
DA:383,1
DA:384,1
DA:385,1
DA:388,3
DA:389,3
DA:392,1
DA:393,1
DA:394,1
DA:398,595
DA:399,0
DA:402,595
DA:403,0
DA:406,595
DA:532,1
DA:675,595
LF:194
LH:170
BRDA:19,0,0,596
BRDA:19,0,1,0
BRDA:38,1,0,1
BRDA:38,1,1,10
BRDA:44,2,0,1
BRDA:44,2,1,595
BRDA:48,3,0,595
BRDA:48,3,1,0
BRDA:49,4,0,595
BRDA:49,4,1,0
BRDA:50,5,0,595
BRDA:50,5,1,0
BRDA:56,6,0,0
BRDA:56,6,1,6
BRDA:56,7,0,6
BRDA:56,7,1,6
BRDA:66,8,0,48
BRDA:66,8,1,48
BRDA:69,9,0,4
BRDA:69,9,1,44
BRDA:84,10,0,0
BRDA:84,10,1,6
BRDA:96,11,0,0
BRDA:96,11,1,6
BRDA:100,12,0,0
BRDA:100,12,1,6
BRDA:100,13,0,6
BRDA:100,13,1,0
BRDA:108,14,0,8
BRDA:108,14,1,3
BRDA:112,15,0,0
BRDA:112,15,1,8
BRDA:120,16,0,1
BRDA:120,16,1,7
BRDA:124,17,0,0
BRDA:124,17,1,7
BRDA:132,18,0,1
BRDA:132,18,1,7
BRDA:136,19,0,0
BRDA:136,19,1,7
BRDA:150,20,0,0
BRDA:150,20,1,7
BRDA:156,21,0,0
BRDA:156,21,1,7
BRDA:156,22,0,7
BRDA:156,22,1,7
BRDA:160,23,0,0
BRDA:160,23,1,7
BRDA:160,24,0,7
BRDA:160,24,1,7
BRDA:166,25,0,0
BRDA:166,25,1,7
BRDA:176,26,0,1
BRDA:176,26,1,7
BRDA:180,27,0,0
BRDA:180,27,1,7
BRDA:195,28,0,0
BRDA:195,28,1,8
BRDA:196,29,0,1
BRDA:196,29,1,7
BRDA:197,30,0,1
BRDA:197,30,1,7
BRDA:198,31,0,1
BRDA:198,31,1,7
BRDA:206,32,0,1
BRDA:206,32,1,7
BRDA:210,33,0,0
BRDA:210,33,1,8
BRDA:210,34,0,8
BRDA:210,34,1,1
BRDA:218,35,0,0
BRDA:218,35,1,6
BRDA:226,36,0,0
BRDA:226,36,1,6
BRDA:230,37,0,1
BRDA:230,37,1,5
BRDA:238,38,0,0
BRDA:238,38,1,6
BRDA:242,39,0,0
BRDA:242,39,1,6
BRDA:250,40,0,0
BRDA:250,40,1,6
BRDA:254,41,0,0
BRDA:254,41,1,6
BRDA:264,42,0,2
BRDA:264,42,1,6
BRDA:273,43,0,0
BRDA:273,43,1,6
BRDA:274,44,0,1
BRDA:274,44,1,5
BRDA:275,45,0,0
BRDA:275,45,1,6
BRDA:276,46,0,0
BRDA:276,46,1,6
BRDA:282,47,0,1
BRDA:282,47,1,7
BRDA:282,48,0,8
BRDA:282,48,1,5
BRDA:344,49,0,3
BRDA:344,49,1,5
BRDA:355,50,0,1
BRDA:355,50,1,4
BRDA:359,51,0,1
BRDA:359,51,1,4
BRDA:363,52,0,1
BRDA:363,52,1,4
BRDA:367,53,0,1
BRDA:367,53,1,4
BRDA:382,54,0,1
BRDA:382,54,1,3
BRDA:383,55,0,1
BRDA:383,55,1,0
BRDA:388,56,0,3
BRDA:388,56,1,0
BRDA:434,57,0,595
BRDA:434,57,1,0
BRDA:446,58,0,595
BRDA:446,58,1,1
BRDA:458,59,0,595
BRDA:458,59,1,1
BRDA:470,60,0,595
BRDA:470,60,1,1
BRDA:519,61,0,595
BRDA:519,61,1,1
BRDA:523,62,0,595
BRDA:523,62,1,4
BRDA:542,63,0,4
BRDA:542,63,1,0
BRDA:551,64,0,595
BRDA:551,64,1,397
BRDA:551,64,2,237
BRDA:554,65,0,198
BRDA:554,65,1,39
BRDA:568,66,0,237
BRDA:568,66,1,0
BRDA:581,67,0,237
BRDA:581,67,1,1
BRDA:595,68,0,237
BRDA:595,68,1,0
BRDA:608,69,0,237
BRDA:608,69,1,0
BRDA:612,70,0,237
BRDA:612,70,1,198
BRDA:627,71,0,198
BRDA:627,71,1,1
BRDA:637,72,0,595
BRDA:637,72,1,3
BRDA:648,73,0,5
BRDA:648,73,1,590
BRDA:651,74,0,595
BRDA:651,74,1,3
BRF:151
BRH:116
end_of_record
TN:
SF:src\Paginas\Register.jsx
FN:6,Register
FN:15,(anonymous_1)
FN:44,(anonymous_2)
FN:95,(anonymous_3)
FN:104,(anonymous_4)
FN:113,(anonymous_5)
FN:122,(anonymous_6)
FNF:7
FNH:7
FNDA:349,Register
FNDA:9,(anonymous_1)
FNDA:9,(anonymous_2)
FNDA:97,(anonymous_3)
FNDA:127,(anonymous_4)
FNDA:51,(anonymous_5)
FNDA:51,(anonymous_6)
DA:7,349
DA:8,349
DA:9,349
DA:10,349
DA:11,349
DA:13,349
DA:15,349
DA:16,9
DA:17,1
DA:18,1
DA:21,8
DA:22,1
DA:23,1
DA:26,7
DA:27,1
DA:28,1
DA:31,6
DA:32,1
DA:33,1
DA:36,5
DA:37,1
DA:38,1
DA:41,4
DA:44,349
DA:45,9
DA:47,9
DA:49,4
DA:50,4
DA:62,3
DA:64,3
DA:65,2
DA:66,2
DA:69,1
DA:70,1
DA:73,1
DA:74,1
DA:78,349
DA:95,97
DA:104,127
DA:113,51
DA:122,51
LF:41
LH:41
BRDA:16,0,0,1
BRDA:16,0,1,8
BRDA:21,1,0,1
BRDA:21,1,1,7
BRDA:26,2,0,1
BRDA:26,2,1,6
BRDA:31,3,0,1
BRDA:31,3,1,5
BRDA:36,4,0,1
BRDA:36,4,1,4
BRDA:47,5,0,5
BRDA:47,5,1,4
BRDA:64,6,0,2
BRDA:64,6,1,1
BRDA:65,7,0,2
BRDA:65,7,1,1
BRDA:126,8,0,349
BRDA:126,8,1,8
BRF:18
BRH:18
end_of_record
TN:
SF:src\Paginas\dashboard.jsx
FN:117,(anonymous_0)
FN:124,(anonymous_1)
FN:125,(anonymous_2)
FN:128,(anonymous_3)
FN:131,(anonymous_4)
FN:138,(anonymous_5)
FN:161,(anonymous_6)
FN:183,(anonymous_7)
FN:187,(anonymous_8)
FN:191,(anonymous_9)
FN:196,(anonymous_10)
FN:201,(anonymous_11)
FN:234,(anonymous_12)
FN:243,(anonymous_13)
FN:255,(anonymous_14)
FN:297,(anonymous_15)
FN:309,(anonymous_16)
FN:346,(anonymous_17)
FN:371,(anonymous_18)
FN:379,(anonymous_19)
FN:392,(anonymous_20)
FN:401,(anonymous_21)
FN:407,(anonymous_22)
FN:457,(anonymous_23)
FN:467,(anonymous_24)
FN:502,(anonymous_25)
FN:509,(anonymous_26)
FN:516,(anonymous_27)
FN:541,(anonymous_28)
FN:552,(anonymous_29)
FN:593,(anonymous_30)
FN:601,(anonymous_31)
FNF:32
FNH:27
FNDA:1,(anonymous_0)
FNDA:2,(anonymous_1)
FNDA:3,(anonymous_2)
FNDA:1,(anonymous_3)
FNDA:2,(anonymous_4)
FNDA:198,(anonymous_5)
FNDA:27,(anonymous_6)
FNDA:24,(anonymous_7)
FNDA:2,(anonymous_8)
FNDA:1,(anonymous_9)
FNDA:1,(anonymous_10)
FNDA:4,(anonymous_11)
FNDA:136,(anonymous_12)
FNDA:3,(anonymous_13)
FNDA:4,(anonymous_14)
FNDA:4,(anonymous_15)
FNDA:3,(anonymous_16)
FNDA:4,(anonymous_17)
FNDA:4,(anonymous_18)
FNDA:6,(anonymous_19)
FNDA:0,(anonymous_20)
FNDA:0,(anonymous_21)
FNDA:0,(anonymous_22)
FNDA:344,(anonymous_23)
FNDA:2,(anonymous_24)
FNDA:4,(anonymous_25)
FNDA:4,(anonymous_26)
FNDA:4,(anonymous_27)
FNDA:0,(anonymous_28)
FNDA:0,(anonymous_29)
FNDA:594,(anonymous_30)
FNDA:4,(anonymous_31)
DA:28,1
DA:30,1
DA:117,1
DA:118,1
DA:124,1
DA:125,3
DA:128,1
DA:129,1
DA:131,1
DA:132,2
DA:135,1
DA:138,1
DA:139,198
DA:140,198
DA:142,198
DA:143,198
DA:145,198
DA:146,198
DA:148,198
DA:149,198
DA:151,198
DA:153,198
DA:161,198
DA:162,27
DA:163,27
DA:164,27
DA:166,27
DA:167,26
DA:169,26
DA:170,0
DA:171,0
DA:174,26
DA:176,1
DA:177,1
DA:179,27
DA:183,198
DA:184,24
DA:187,198
DA:188,2
DA:191,198
DA:192,1
DA:193,1
DA:196,198
DA:197,1
DA:201,198
DA:202,4
DA:203,1
DA:204,1
DA:205,1
DA:208,3
DA:209,3
DA:220,2
DA:222,2
DA:223,1
DA:224,1
DA:227,1
DA:229,1
DA:230,1
DA:234,198
DA:235,136
DA:237,136
DA:243,198
DA:244,3
DA:252,3
DA:255,198
DA:256,4
DA:262,1
DA:263,1
DA:266,3
DA:267,3
DA:281,2
DA:283,2
DA:284,1
DA:285,1
DA:288,1
DA:289,1
DA:290,1
DA:292,1
DA:293,1
DA:297,198
DA:298,4
DA:300,4
DA:309,198
DA:310,3
DA:311,0
DA:312,0
DA:315,3
DA:316,3
DA:330,2
DA:332,2
DA:333,1
DA:334,1
DA:337,1
DA:338,1
DA:339,1
DA:341,1
DA:342,1
DA:346,198
DA:347,4
DA:349,4
DA:351,3
DA:352,3
DA:356,2
DA:358,2
DA:359,1
DA:360,1
DA:363,1
DA:364,1
DA:366,1
DA:367,1
DA:371,198
DA:372,4
DA:373,4
DA:377,198
DA:379,6
DA:381,198
DA:382,198
DA:384,198
DA:385,198
DA:387,198
DA:392,198
DA:393,0
DA:395,0
DA:401,198
DA:402,0
DA:403,0
DA:407,198
DA:408,0
DA:409,0
DA:413,198
DA:458,344
DA:467,2
DA:502,4
DA:509,4
DA:516,4
DA:542,0
DA:544,0
DA:552,0
DA:594,594
DA:601,4
LF:140
LH:127
BRDA:128,0,0,0
BRDA:135,1,0,1
BRDA:135,1,1,0
BRDA:169,2,0,0
BRDA:169,2,1,26
BRDA:170,3,0,0
BRDA:170,3,1,0
BRDA:188,4,0,1
BRDA:188,4,1,1
BRDA:202,5,0,1
BRDA:202,5,1,3
BRDA:202,6,0,4
BRDA:202,6,1,3
BRDA:222,7,0,1
BRDA:222,7,1,1
BRDA:223,8,0,1
BRDA:223,8,1,0
BRDA:227,9,0,1
BRDA:227,9,1,0
BRDA:256,10,0,1
BRDA:256,10,1,3
BRDA:257,11,0,4
BRDA:257,11,1,3
BRDA:257,11,2,3
BRDA:257,11,3,3
BRDA:283,12,0,1
BRDA:283,12,1,1
BRDA:284,13,0,1
BRDA:284,13,1,0
BRDA:305,14,0,4
BRDA:305,14,1,0
BRDA:310,15,0,0
BRDA:310,15,1,3
BRDA:332,16,0,1
BRDA:332,16,1,1
BRDA:333,17,0,1
BRDA:333,17,1,0
BRDA:349,18,0,1
BRDA:349,18,1,3
BRDA:358,19,0,1
BRDA:358,19,1,1
BRDA:359,20,0,1
BRDA:359,20,1,0
BRDA:377,21,0,195
BRDA:377,21,1,3
BRDA:402,22,0,0
BRDA:402,22,1,0
BRDA:408,23,0,0
BRDA:408,23,1,0
BRDA:431,24,0,196
BRDA:431,24,1,2
BRDA:433,25,0,0
BRDA:433,25,1,2
BRDA:446,26,0,198
BRDA:446,26,1,3
BRDA:449,27,0,198
BRDA:449,27,1,24
BRDA:451,28,0,198
BRDA:451,28,1,1
BRDA:455,29,0,198
BRDA:455,29,1,174
BRDA:455,29,2,173
BRDA:462,30,0,344
BRDA:462,30,1,0
BRDA:470,31,0,1
BRDA:470,31,1,343
BRDA:473,32,0,344
BRDA:473,32,1,1
BRDA:525,33,0,198
BRDA:525,33,1,174
BRDA:525,33,2,1
BRDA:531,34,0,198
BRDA:531,34,1,0
BRDA:548,35,0,0
BRDA:548,35,1,0
BRDA:578,36,0,198
BRDA:578,36,1,2
BRDA:578,36,2,2
BRDA:597,37,0,198
BRDA:597,37,1,396
BRDA:610,38,0,22
BRDA:610,38,1,176
BRDA:659,39,0,22
BRDA:659,39,1,176
BRF:84
BRH:63
end_of_record
TN:
SF:src\Rutas\PrivateRoute.jsx
FN:5,(anonymous_0)
FNF:1
FNH:1
FNDA:2,(anonymous_0)
DA:5,1
DA:6,2
DA:8,2
LF:3
LH:3
BRDA:8,0,0,1
BRDA:8,0,1,1
BRF:2
BRH:2
end_of_record
